ERROR - 2022-12-04 11:02:53 --> mysqli_sql_exception: Unknown column 'unset' in 'where clause' in /home/u1606672/public_html/system/Database/MySQLi/Connection.php:292
Stack trace:
#0 /home/u1606672/public_html/system/Database/MySQLi/Connection.php(292): mysqli->query('SELECT * FROM s...', 0)
#1 /home/u1606672/public_html/system/Database/BaseConnection.php(666): CodeIgniter\Database\MySQLi\Connection->execute('SELECT * FROM s...')
#2 /home/u1606672/public_html/system/Database/BaseConnection.php(593): CodeIgniter\Database\BaseConnection->simpleQuery('SELECT * FROM s...')
#3 /home/u1606672/public_html/app/Controllers/Exports.php(111): CodeIgniter\Database\BaseConnection->query('SELECT * FROM s...')
#4 /home/u1606672/public_html/system/CodeIgniter.php(927): App\Controllers\Exports->index()
#5 /home/u1606672/public_html/system/CodeIgniter.php(482): CodeIgniter\CodeIgniter->runController(Object(App\Controllers\Exports))
#6 /home/u1606672/public_html/system/CodeIgniter.php(351): CodeIgniter\CodeIgniter->handleRequest(NULL, Object(Config\Cache), false)
#7 /home/u1606672/public_html/public/index.php(67): CodeIgniter\CodeIgniter->run()
#8 {main}
CRITICAL - 2022-12-04 11:02:53 --> Unknown column 'unset' in 'where clause'
in SYSTEMPATH/Database/MySQLi/Connection.php on line 292.
 1 SYSTEMPATH/Database/MySQLi/Connection.php(292): mysqli->query('SELECT * FROM submissions WHERE Manager is NOT NULL AND type = \'penerimaan pendapatan\'  AND YEAR(approval_Manager) = unset ORDER BY approval_Manager ASC', 0)
 2 SYSTEMPATH/Database/BaseConnection.php(666): CodeIgniter\Database\MySQLi\Connection->execute('SELECT * FROM submissions WHERE Manager is NOT NULL AND type = \'penerimaan pendapatan\'  AND YEAR(approval_Manager) = unset ORDER BY approval_Manager ASC')
 3 SYSTEMPATH/Database/BaseConnection.php(593): CodeIgniter\Database\BaseConnection->simpleQuery('SELECT * FROM submissions WHERE Manager is NOT NULL AND type = \'penerimaan pendapatan\'  AND YEAR(approval_Manager) = unset ORDER BY approval_Manager ASC')
 4 APPPATH/Controllers/Exports.php(111): CodeIgniter\Database\BaseConnection->query('SELECT * FROM submissions WHERE Manager is NOT NULL AND type = \'penerimaan pendapatan\'  AND YEAR(approval_Manager) = unset ORDER BY approval_Manager ASC')
 5 SYSTEMPATH/CodeIgniter.php(927): App\Controllers\Exports->index()
 6 SYSTEMPATH/CodeIgniter.php(482): CodeIgniter\CodeIgniter->runController(Object(App\Controllers\Exports))
 7 SYSTEMPATH/CodeIgniter.php(351): CodeIgniter\CodeIgniter->handleRequest(null, Object(Config\Cache), false)
 8 FCPATH/index.php(67): CodeIgniter\CodeIgniter->run()
ERROR - 2022-12-04 11:03:53 --> mysqli_sql_exception: Unknown column 'unset' in 'where clause' in /home/u1606672/public_html/system/Database/MySQLi/Connection.php:292
Stack trace:
#0 /home/u1606672/public_html/system/Database/MySQLi/Connection.php(292): mysqli->query('SELECT * FROM s...', 0)
#1 /home/u1606672/public_html/system/Database/BaseConnection.php(666): CodeIgniter\Database\MySQLi\Connection->execute('SELECT * FROM s...')
#2 /home/u1606672/public_html/system/Database/BaseConnection.php(593): CodeIgniter\Database\BaseConnection->simpleQuery('SELECT * FROM s...')
#3 /home/u1606672/public_html/app/Controllers/Exports.php(111): CodeIgniter\Database\BaseConnection->query('SELECT * FROM s...')
#4 /home/u1606672/public_html/system/CodeIgniter.php(927): App\Controllers\Exports->index()
#5 /home/u1606672/public_html/system/CodeIgniter.php(482): CodeIgniter\CodeIgniter->runController(Object(App\Controllers\Exports))
#6 /home/u1606672/public_html/system/CodeIgniter.php(351): CodeIgniter\CodeIgniter->handleRequest(NULL, Object(Config\Cache), false)
#7 /home/u1606672/public_html/public/index.php(67): CodeIgniter\CodeIgniter->run()
#8 {main}
CRITICAL - 2022-12-04 11:03:53 --> Unknown column 'unset' in 'where clause'
in SYSTEMPATH/Database/MySQLi/Connection.php on line 292.
 1 SYSTEMPATH/Database/MySQLi/Connection.php(292): mysqli->query('SELECT * FROM submissions WHERE Manager is NOT NULL   AND YEAR(approval_Manager) = unset ORDER BY approval_Manager ASC', 0)
 2 SYSTEMPATH/Database/BaseConnection.php(666): CodeIgniter\Database\MySQLi\Connection->execute('SELECT * FROM submissions WHERE Manager is NOT NULL   AND YEAR(approval_Manager) = unset ORDER BY approval_Manager ASC')
 3 SYSTEMPATH/Database/BaseConnection.php(593): CodeIgniter\Database\BaseConnection->simpleQuery('SELECT * FROM submissions WHERE Manager is NOT NULL   AND YEAR(approval_Manager) = unset ORDER BY approval_Manager ASC')
 4 APPPATH/Controllers/Exports.php(111): CodeIgniter\Database\BaseConnection->query('SELECT * FROM submissions WHERE Manager is NOT NULL   AND YEAR(approval_Manager) = unset ORDER BY approval_Manager ASC')
 5 SYSTEMPATH/CodeIgniter.php(927): App\Controllers\Exports->index()
 6 SYSTEMPATH/CodeIgniter.php(482): CodeIgniter\CodeIgniter->runController(Object(App\Controllers\Exports))
 7 SYSTEMPATH/CodeIgniter.php(351): CodeIgniter\CodeIgniter->handleRequest(null, Object(Config\Cache), false)
 8 FCPATH/index.php(67): CodeIgniter\CodeIgniter->run()
ERROR - 2022-12-04 11:04:00 --> mysqli_sql_exception: Unknown column 'unset' in 'where clause' in /home/u1606672/public_html/system/Database/MySQLi/Connection.php:292
Stack trace:
#0 /home/u1606672/public_html/system/Database/MySQLi/Connection.php(292): mysqli->query('SELECT * FROM s...', 0)
#1 /home/u1606672/public_html/system/Database/BaseConnection.php(666): CodeIgniter\Database\MySQLi\Connection->execute('SELECT * FROM s...')
#2 /home/u1606672/public_html/system/Database/BaseConnection.php(593): CodeIgniter\Database\BaseConnection->simpleQuery('SELECT * FROM s...')
#3 /home/u1606672/public_html/app/Controllers/Exports.php(111): CodeIgniter\Database\BaseConnection->query('SELECT * FROM s...')
#4 /home/u1606672/public_html/system/CodeIgniter.php(927): App\Controllers\Exports->index()
#5 /home/u1606672/public_html/system/CodeIgniter.php(482): CodeIgniter\CodeIgniter->runController(Object(App\Controllers\Exports))
#6 /home/u1606672/public_html/system/CodeIgniter.php(351): CodeIgniter\CodeIgniter->handleRequest(NULL, Object(Config\Cache), false)
#7 /home/u1606672/public_html/public/index.php(67): CodeIgniter\CodeIgniter->run()
#8 {main}
CRITICAL - 2022-12-04 11:04:00 --> Unknown column 'unset' in 'where clause'
in SYSTEMPATH/Database/MySQLi/Connection.php on line 292.
 1 SYSTEMPATH/Database/MySQLi/Connection.php(292): mysqli->query('SELECT * FROM submissions WHERE Manager is NOT NULL   AND YEAR(approval_Manager) = unset ORDER BY approval_Manager ASC', 0)
 2 SYSTEMPATH/Database/BaseConnection.php(666): CodeIgniter\Database\MySQLi\Connection->execute('SELECT * FROM submissions WHERE Manager is NOT NULL   AND YEAR(approval_Manager) = unset ORDER BY approval_Manager ASC')
 3 SYSTEMPATH/Database/BaseConnection.php(593): CodeIgniter\Database\BaseConnection->simpleQuery('SELECT * FROM submissions WHERE Manager is NOT NULL   AND YEAR(approval_Manager) = unset ORDER BY approval_Manager ASC')
 4 APPPATH/Controllers/Exports.php(111): CodeIgniter\Database\BaseConnection->query('SELECT * FROM submissions WHERE Manager is NOT NULL   AND YEAR(approval_Manager) = unset ORDER BY approval_Manager ASC')
 5 SYSTEMPATH/CodeIgniter.php(927): App\Controllers\Exports->index()
 6 SYSTEMPATH/CodeIgniter.php(482): CodeIgniter\CodeIgniter->runController(Object(App\Controllers\Exports))
 7 SYSTEMPATH/CodeIgniter.php(351): CodeIgniter\CodeIgniter->handleRequest(null, Object(Config\Cache), false)
 8 FCPATH/index.php(67): CodeIgniter\CodeIgniter->run()
ERROR - 2022-12-04 11:05:33 --> mysqli_sql_exception: Unknown column 'unset' in 'where clause' in /home/u1606672/public_html/system/Database/MySQLi/Connection.php:292
Stack trace:
#0 /home/u1606672/public_html/system/Database/MySQLi/Connection.php(292): mysqli->query('SELECT * FROM s...', 0)
#1 /home/u1606672/public_html/system/Database/BaseConnection.php(666): CodeIgniter\Database\MySQLi\Connection->execute('SELECT * FROM s...')
#2 /home/u1606672/public_html/system/Database/BaseConnection.php(593): CodeIgniter\Database\BaseConnection->simpleQuery('SELECT * FROM s...')
#3 /home/u1606672/public_html/app/Controllers/Exports.php(111): CodeIgniter\Database\BaseConnection->query('SELECT * FROM s...')
#4 /home/u1606672/public_html/system/CodeIgniter.php(927): App\Controllers\Exports->index()
#5 /home/u1606672/public_html/system/CodeIgniter.php(482): CodeIgniter\CodeIgniter->runController(Object(App\Controllers\Exports))
#6 /home/u1606672/public_html/system/CodeIgniter.php(351): CodeIgniter\CodeIgniter->handleRequest(NULL, Object(Config\Cache), false)
#7 /home/u1606672/public_html/public/index.php(67): CodeIgniter\CodeIgniter->run()
#8 {main}
CRITICAL - 2022-12-04 11:05:33 --> Unknown column 'unset' in 'where clause'
in SYSTEMPATH/Database/MySQLi/Connection.php on line 292.
 1 SYSTEMPATH/Database/MySQLi/Connection.php(292): mysqli->query('SELECT * FROM submissions WHERE Manager is NOT NULL   AND YEAR(approval_Manager) = unset ORDER BY approval_Manager ASC', 0)
 2 SYSTEMPATH/Database/BaseConnection.php(666): CodeIgniter\Database\MySQLi\Connection->execute('SELECT * FROM submissions WHERE Manager is NOT NULL   AND YEAR(approval_Manager) = unset ORDER BY approval_Manager ASC')
 3 SYSTEMPATH/Database/BaseConnection.php(593): CodeIgniter\Database\BaseConnection->simpleQuery('SELECT * FROM submissions WHERE Manager is NOT NULL   AND YEAR(approval_Manager) = unset ORDER BY approval_Manager ASC')
 4 APPPATH/Controllers/Exports.php(111): CodeIgniter\Database\BaseConnection->query('SELECT * FROM submissions WHERE Manager is NOT NULL   AND YEAR(approval_Manager) = unset ORDER BY approval_Manager ASC')
 5 SYSTEMPATH/CodeIgniter.php(927): App\Controllers\Exports->index()
 6 SYSTEMPATH/CodeIgniter.php(482): CodeIgniter\CodeIgniter->runController(Object(App\Controllers\Exports))
 7 SYSTEMPATH/CodeIgniter.php(351): CodeIgniter\CodeIgniter->handleRequest(null, Object(Config\Cache), false)
 8 FCPATH/index.php(67): CodeIgniter\CodeIgniter->run()
CRITICAL - 2022-12-04 11:14:17 --> Undefined variable: mont
in APPPATH/Views/export.php on line 52.
 1 APPPATH/Views/export.php(52): CodeIgniter\Debug\Exceptions->errorHandler(8, 'Undefined variable: mont', 'APPPATH/Views/export.php', 52, [...])
 2 SYSTEMPATH/View/View.php(213): include('APPPATH/Views/export.php')
 3 SYSTEMPATH/View/View.php(216): CodeIgniter\View\View->CodeIgniter\View\{closure}()
 4 SYSTEMPATH/Common.php(1134): CodeIgniter\View\View->render('export', [], true)
 5 APPPATH/Controllers/Exports.php(143): view('export', [...])
 6 SYSTEMPATH/CodeIgniter.php(927): App\Controllers\Exports->index()
 7 SYSTEMPATH/CodeIgniter.php(482): CodeIgniter\CodeIgniter->runController(Object(App\Controllers\Exports))
 8 SYSTEMPATH/CodeIgniter.php(351): CodeIgniter\CodeIgniter->handleRequest(null, Object(Config\Cache), false)
 9 FCPATH/index.php(67): CodeIgniter\CodeIgniter->run()
ERROR - 2022-12-04 11:15:21 --> mysqli_sql_exception: You have an error in your SQL syntax; check the manual that corresponds to your MariaDB server version for the right syntax to use near 'ASC ORDER BY approval_Manager ASC' at line 1 in /home/u1606672/public_html/system/Database/MySQLi/Connection.php:292
Stack trace:
#0 /home/u1606672/public_html/system/Database/MySQLi/Connection.php(292): mysqli->query('SELECT * FROM s...', 0)
#1 /home/u1606672/public_html/system/Database/BaseConnection.php(666): CodeIgniter\Database\MySQLi\Connection->execute('SELECT * FROM s...')
#2 /home/u1606672/public_html/system/Database/BaseConnection.php(593): CodeIgniter\Database\BaseConnection->simpleQuery('SELECT * FROM s...')
#3 /home/u1606672/public_html/app/Controllers/Exports.php(111): CodeIgniter\Database\BaseConnection->query('SELECT * FROM s...')
#4 /home/u1606672/public_html/system/CodeIgniter.php(927): App\Controllers\Exports->index()
#5 /home/u1606672/public_html/system/CodeIgniter.php(482): CodeIgniter\CodeIgniter->runController(Object(App\Controllers\Exports))
#6 /home/u1606672/public_html/system/CodeIgniter.php(351): CodeIgniter\CodeIgniter->handleRequest(NULL, Object(Config\Cache), false)
#7 /home/u1606672/public_html/public/index.php(67): CodeIgniter\CodeIgniter->run()
#8 {main}
CRITICAL - 2022-12-04 11:15:21 --> You have an error in your SQL syntax; check the manual that corresponds to your MariaDB server version for the right syntax to use near 'ASC ORDER BY approval_Manager ASC' at line 1
in SYSTEMPATH/Database/MySQLi/Connection.php on line 292.
 1 SYSTEMPATH/Database/MySQLi/Connection.php(292): mysqli->query('SELECT * FROM submissions WHERE Manager is NOT NULL AND type = \'permintaan pembayaran\' AND MONTH(approval_Manager) = 12 AND YEAR(approval_Manager) = 2022sort=ASC ORDER BY approval_Manager ASC', 0)
 2 SYSTEMPATH/Database/BaseConnection.php(666): CodeIgniter\Database\MySQLi\Connection->execute('SELECT * FROM submissions WHERE Manager is NOT NULL AND type = \'permintaan pembayaran\' AND MONTH(approval_Manager) = 12 AND YEAR(approval_Manager) = 2022sort=ASC ORDER BY approval_Manager ASC')
 3 SYSTEMPATH/Database/BaseConnection.php(593): CodeIgniter\Database\BaseConnection->simpleQuery('SELECT * FROM submissions WHERE Manager is NOT NULL AND type = \'permintaan pembayaran\' AND MONTH(approval_Manager) = 12 AND YEAR(approval_Manager) = 2022sort=ASC ORDER BY approval_Manager ASC')
 4 APPPATH/Controllers/Exports.php(111): CodeIgniter\Database\BaseConnection->query('SELECT * FROM submissions WHERE Manager is NOT NULL AND type = \'permintaan pembayaran\' AND MONTH(approval_Manager) = 12 AND YEAR(approval_Manager) = 2022sort=ASC ORDER BY approval_Manager ASC')
 5 SYSTEMPATH/CodeIgniter.php(927): App\Controllers\Exports->index()
 6 SYSTEMPATH/CodeIgniter.php(482): CodeIgniter\CodeIgniter->runController(Object(App\Controllers\Exports))
 7 SYSTEMPATH/CodeIgniter.php(351): CodeIgniter\CodeIgniter->handleRequest(null, Object(Config\Cache), false)
 8 FCPATH/index.php(67): CodeIgniter\CodeIgniter->run()
ERROR - 2022-12-04 11:17:09 --> mysqli_sql_exception: You have an error in your SQL syntax; check the manual that corresponds to your MariaDB server version for the right syntax to use near 'ASC ORDER BY approval_Manager DESC' at line 1 in /home/u1606672/public_html/system/Database/MySQLi/Connection.php:292
Stack trace:
#0 /home/u1606672/public_html/system/Database/MySQLi/Connection.php(292): mysqli->query('SELECT * FROM s...', 0)
#1 /home/u1606672/public_html/system/Database/BaseConnection.php(666): CodeIgniter\Database\MySQLi\Connection->execute('SELECT * FROM s...')
#2 /home/u1606672/public_html/system/Database/BaseConnection.php(593): CodeIgniter\Database\BaseConnection->simpleQuery('SELECT * FROM s...')
#3 /home/u1606672/public_html/app/Controllers/Exports.php(111): CodeIgniter\Database\BaseConnection->query('SELECT * FROM s...')
#4 /home/u1606672/public_html/system/CodeIgniter.php(927): App\Controllers\Exports->index()
#5 /home/u1606672/public_html/system/CodeIgniter.php(482): CodeIgniter\CodeIgniter->runController(Object(App\Controllers\Exports))
#6 /home/u1606672/public_html/system/CodeIgniter.php(351): CodeIgniter\CodeIgniter->handleRequest(NULL, Object(Config\Cache), false)
#7 /home/u1606672/public_html/public/index.php(67): CodeIgniter\CodeIgniter->run()
#8 {main}
CRITICAL - 2022-12-04 11:17:09 --> You have an error in your SQL syntax; check the manual that corresponds to your MariaDB server version for the right syntax to use near 'ASC ORDER BY approval_Manager DESC' at line 1
in SYSTEMPATH/Database/MySQLi/Connection.php on line 292.
 1 SYSTEMPATH/Database/MySQLi/Connection.php(292): mysqli->query('SELECT * FROM submissions WHERE Manager is NOT NULL AND type = \'permintaan pembayaran\' AND MONTH(approval_Manager) = 12 AND YEAR(approval_Manager) = 2022sort=ASC ORDER BY approval_Manager DESC', 0)
 2 SYSTEMPATH/Database/BaseConnection.php(666): CodeIgniter\Database\MySQLi\Connection->execute('SELECT * FROM submissions WHERE Manager is NOT NULL AND type = \'permintaan pembayaran\' AND MONTH(approval_Manager) = 12 AND YEAR(approval_Manager) = 2022sort=ASC ORDER BY approval_Manager DESC')
 3 SYSTEMPATH/Database/BaseConnection.php(593): CodeIgniter\Database\BaseConnection->simpleQuery('SELECT * FROM submissions WHERE Manager is NOT NULL AND type = \'permintaan pembayaran\' AND MONTH(approval_Manager) = 12 AND YEAR(approval_Manager) = 2022sort=ASC ORDER BY approval_Manager DESC')
 4 APPPATH/Controllers/Exports.php(111): CodeIgniter\Database\BaseConnection->query('SELECT * FROM submissions WHERE Manager is NOT NULL AND type = \'permintaan pembayaran\' AND MONTH(approval_Manager) = 12 AND YEAR(approval_Manager) = 2022sort=ASC ORDER BY approval_Manager DESC')
 5 SYSTEMPATH/CodeIgniter.php(927): App\Controllers\Exports->index()
 6 SYSTEMPATH/CodeIgniter.php(482): CodeIgniter\CodeIgniter->runController(Object(App\Controllers\Exports))
 7 SYSTEMPATH/CodeIgniter.php(351): CodeIgniter\CodeIgniter->handleRequest(null, Object(Config\Cache), false)
 8 FCPATH/index.php(67): CodeIgniter\CodeIgniter->run()
ERROR - 2022-12-04 11:17:31 --> mysqli_sql_exception: You have an error in your SQL syntax; check the manual that corresponds to your MariaDB server version for the right syntax to use near 'DESC ORDER BY approval_Manager DESC' at line 1 in /home/u1606672/public_html/system/Database/MySQLi/Connection.php:292
Stack trace:
#0 /home/u1606672/public_html/system/Database/MySQLi/Connection.php(292): mysqli->query('SELECT * FROM s...', 0)
#1 /home/u1606672/public_html/system/Database/BaseConnection.php(666): CodeIgniter\Database\MySQLi\Connection->execute('SELECT * FROM s...')
#2 /home/u1606672/public_html/system/Database/BaseConnection.php(593): CodeIgniter\Database\BaseConnection->simpleQuery('SELECT * FROM s...')
#3 /home/u1606672/public_html/app/Controllers/Exports.php(111): CodeIgniter\Database\BaseConnection->query('SELECT * FROM s...')
#4 /home/u1606672/public_html/system/CodeIgniter.php(927): App\Controllers\Exports->index()
#5 /home/u1606672/public_html/system/CodeIgniter.php(482): CodeIgniter\CodeIgniter->runController(Object(App\Controllers\Exports))
#6 /home/u1606672/public_html/system/CodeIgniter.php(351): CodeIgniter\CodeIgniter->handleRequest(NULL, Object(Config\Cache), false)
#7 /home/u1606672/public_html/public/index.php(67): CodeIgniter\CodeIgniter->run()
#8 {main}
CRITICAL - 2022-12-04 11:17:31 --> You have an error in your SQL syntax; check the manual that corresponds to your MariaDB server version for the right syntax to use near 'DESC ORDER BY approval_Manager DESC' at line 1
in SYSTEMPATH/Database/MySQLi/Connection.php on line 292.
 1 SYSTEMPATH/Database/MySQLi/Connection.php(292): mysqli->query('SELECT * FROM submissions WHERE Manager is NOT NULL AND type = \'permintaan pembayaran\' AND MONTH(approval_Manager) = 12 AND YEAR(approval_Manager) = 2022sort=DESC ORDER BY approval_Manager DESC', 0)
 2 SYSTEMPATH/Database/BaseConnection.php(666): CodeIgniter\Database\MySQLi\Connection->execute('SELECT * FROM submissions WHERE Manager is NOT NULL AND type = \'permintaan pembayaran\' AND MONTH(approval_Manager) = 12 AND YEAR(approval_Manager) = 2022sort=DESC ORDER BY approval_Manager DESC')
 3 SYSTEMPATH/Database/BaseConnection.php(593): CodeIgniter\Database\BaseConnection->simpleQuery('SELECT * FROM submissions WHERE Manager is NOT NULL AND type = \'permintaan pembayaran\' AND MONTH(approval_Manager) = 12 AND YEAR(approval_Manager) = 2022sort=DESC ORDER BY approval_Manager DESC')
 4 APPPATH/Controllers/Exports.php(111): CodeIgniter\Database\BaseConnection->query('SELECT * FROM submissions WHERE Manager is NOT NULL AND type = \'permintaan pembayaran\' AND MONTH(approval_Manager) = 12 AND YEAR(approval_Manager) = 2022sort=DESC ORDER BY approval_Manager DESC')
 5 SYSTEMPATH/CodeIgniter.php(927): App\Controllers\Exports->index()
 6 SYSTEMPATH/CodeIgniter.php(482): CodeIgniter\CodeIgniter->runController(Object(App\Controllers\Exports))
 7 SYSTEMPATH/CodeIgniter.php(351): CodeIgniter\CodeIgniter->handleRequest(null, Object(Config\Cache), false)
 8 FCPATH/index.php(67): CodeIgniter\CodeIgniter->run()
CRITICAL - 2022-12-04 14:22:13 --> usort() expects parameter 2 to be a valid callback, function 'compare_az' not found or invalid function name
in APPPATH/Controllers/Home.php on line 47.
 1 [internal function]: CodeIgniter\Debug\Exceptions->errorHandler(2, 'usort() expects parameter 2 to be a valid callback, function \'compare_az\' not found or invalid function name', 'APPPATH/Controllers/Home.php', 47, [...])
 2 APPPATH/Controllers/Home.php(47): usort([...], 'compare_az')
 3 SYSTEMPATH/CodeIgniter.php(927): App\Controllers\Home->index()
 4 SYSTEMPATH/CodeIgniter.php(482): CodeIgniter\CodeIgniter->runController(Object(App\Controllers\Home))
 5 SYSTEMPATH/CodeIgniter.php(351): CodeIgniter\CodeIgniter->handleRequest(null, Object(Config\Cache), false)
 6 FCPATH/index.php(67): CodeIgniter\CodeIgniter->run()
CRITICAL - 2022-12-04 14:49:12 --> Call to undefined function form_open()
in APPPATH/Views/login.php on line 35.
 1 SYSTEMPATH/View/View.php(213): include()
 2 SYSTEMPATH/View/View.php(216): CodeIgniter\View\View->CodeIgniter\View\{closure}()
 3 SYSTEMPATH/Common.php(1134): CodeIgniter\View\View->render('login', [], true)
 4 APPPATH/Controllers/Exports.php(17): view('login')
 5 SYSTEMPATH/CodeIgniter.php(927): App\Controllers\Exports->index()
 6 SYSTEMPATH/CodeIgniter.php(482): CodeIgniter\CodeIgniter->runController(Object(App\Controllers\Exports))
 7 SYSTEMPATH/CodeIgniter.php(351): CodeIgniter\CodeIgniter->handleRequest(null, Object(Config\Cache), false)
 8 FCPATH/index.php(67): CodeIgniter\CodeIgniter->run()
CRITICAL - 2022-12-04 15:13:03 --> Call to undefined function form_open()
in APPPATH/Views/login.php on line 35.
 1 SYSTEMPATH/View/View.php(213): include()
 2 SYSTEMPATH/View/View.php(216): CodeIgniter\View\View->CodeIgniter\View\{closure}()
 3 SYSTEMPATH/Common.php(1134): CodeIgniter\View\View->render('login', [], true)
 4 APPPATH/Controllers/Exports.php(17): view('login')
 5 SYSTEMPATH/CodeIgniter.php(927): App\Controllers\Exports->index()
 6 SYSTEMPATH/CodeIgniter.php(482): CodeIgniter\CodeIgniter->runController(Object(App\Controllers\Exports))
 7 SYSTEMPATH/CodeIgniter.php(351): CodeIgniter\CodeIgniter->handleRequest(null, Object(Config\Cache), false)
 8 FCPATH/index.php(67): CodeIgniter\CodeIgniter->run()
CRITICAL - 2022-12-04 19:55:55 --> Allowed memory size of 536870912 bytes exhausted (tried to allocate 400572416 bytes)
in APPPATH/Views/export.php on line 218.
 1 [internal function]: CodeIgniter\Debug\Exceptions->shutdownHandler()
CRITICAL - 2022-12-04 19:56:20 --> Allowed memory size of 536870912 bytes exhausted (tried to allocate 400572416 bytes)
in APPPATH/Views/export.php on line 166.
 1 [internal function]: CodeIgniter\Debug\Exceptions->shutdownHandler()
CRITICAL - 2022-12-04 20:44:47 --> Not Found
in APPPATH/Controllers/Views.php on line 101.
 1 SYSTEMPATH/CodeIgniter.php(927): App\Controllers\Views->index('GS-001-10-2022')
 2 SYSTEMPATH/CodeIgniter.php(482): CodeIgniter\CodeIgniter->runController(Object(App\Controllers\Views))
 3 SYSTEMPATH/CodeIgniter.php(351): CodeIgniter\CodeIgniter->handleRequest(null, Object(Config\Cache), false)
 4 FCPATH/index.php(67): CodeIgniter\CodeIgniter->run()
CRITICAL - 2022-12-04 21:06:51 --> Call to undefined function form_open()
in APPPATH/Views/login.php on line 35.
 1 SYSTEMPATH/View/View.php(213): include()
 2 SYSTEMPATH/View/View.php(216): CodeIgniter\View\View->CodeIgniter\View\{closure}()
 3 SYSTEMPATH/Common.php(1134): CodeIgniter\View\View->render('login', [], true)
 4 APPPATH/Controllers/Submissions.php(136): view('login')
 5 SYSTEMPATH/CodeIgniter.php(927): App\Controllers\Submissions->returned()
 6 SYSTEMPATH/CodeIgniter.php(482): CodeIgniter\CodeIgniter->runController(Object(App\Controllers\Submissions))
 7 SYSTEMPATH/CodeIgniter.php(351): CodeIgniter\CodeIgniter->handleRequest(null, Object(Config\Cache), false)
 8 FCPATH/index.php(67): CodeIgniter\CodeIgniter->run()
