CRITICAL - 2022-12-02 03:04:20 --> Undefined variable: currentPage
in APPPATH/Views/partials/sidenav.php on line 6.
 1 APPPATH/Views/partials/sidenav.php(6): CodeIgniter\Debug\Exceptions->errorHandler(8, 'Undefined variable: currentPage', 'APPPATH/Views/partials/sidenav.php', 6, [...])
 2 SYSTEMPATH/View/View.php(213): include('APPPATH/Views/partials/sidenav.php')
 3 SYSTEMPATH/View/View.php(216): CodeIgniter\View\View->CodeIgniter\View\{closure}()
 4 SYSTEMPATH/View/View.php(431): CodeIgniter\View\View->render('partials/sidenav', null, true)
 5 APPPATH/Views/dashboard.php(18): CodeIgniter\View\View->include('partials/sidenav')
 6 SYSTEMPATH/View/View.php(213): include('APPPATH/Views/dashboard.php')
 7 SYSTEMPATH/View/View.php(216): CodeIgniter\View\View->CodeIgniter\View\{closure}()
 8 SYSTEMPATH/Common.php(1134): CodeIgniter\View\View->render('dashboard', [], true)
 9 APPPATH/Controllers/Home.php(142): view('dashboard', [...])
10 SYSTEMPATH/CodeIgniter.php(927): App\Controllers\Home->index()
11 SYSTEMPATH/CodeIgniter.php(482): CodeIgniter\CodeIgniter->runController(Object(App\Controllers\Home))
12 SYSTEMPATH/CodeIgniter.php(351): CodeIgniter\CodeIgniter->handleRequest(null, Object(Config\Cache), false)
13 FCPATH/index.php(67): CodeIgniter\CodeIgniter->run()
CRITICAL - 2022-12-02 03:04:38 --> Undefined variable: currentPage
in APPPATH/Views/partials/sidenav.php on line 6.
 1 APPPATH/Views/partials/sidenav.php(6): CodeIgniter\Debug\Exceptions->errorHandler(8, 'Undefined variable: currentPage', 'APPPATH/Views/partials/sidenav.php', 6, [...])
 2 SYSTEMPATH/View/View.php(213): include('APPPATH/Views/partials/sidenav.php')
 3 SYSTEMPATH/View/View.php(216): CodeIgniter\View\View->CodeIgniter\View\{closure}()
 4 SYSTEMPATH/View/View.php(431): CodeIgniter\View\View->render('partials/sidenav', null, true)
 5 APPPATH/Views/dashboard.php(18): CodeIgniter\View\View->include('partials/sidenav')
 6 SYSTEMPATH/View/View.php(213): include('APPPATH/Views/dashboard.php')
 7 SYSTEMPATH/View/View.php(216): CodeIgniter\View\View->CodeIgniter\View\{closure}()
 8 SYSTEMPATH/Common.php(1134): CodeIgniter\View\View->render('dashboard', [], true)
 9 APPPATH/Controllers/Home.php(142): view('dashboard', [...])
10 SYSTEMPATH/CodeIgniter.php(927): App\Controllers\Home->index()
11 SYSTEMPATH/CodeIgniter.php(482): CodeIgniter\CodeIgniter->runController(Object(App\Controllers\Home))
12 SYSTEMPATH/CodeIgniter.php(351): CodeIgniter\CodeIgniter->handleRequest(null, Object(Config\Cache), false)
13 FCPATH/index.php(67): CodeIgniter\CodeIgniter->run()
CRITICAL - 2022-12-02 03:06:11 --> Undefined variable: currentPage
in APPPATH/Views/partials/sidenav.php on line 6.
 1 APPPATH/Views/partials/sidenav.php(6): CodeIgniter\Debug\Exceptions->errorHandler(8, 'Undefined variable: currentPage', 'APPPATH/Views/partials/sidenav.php', 6, [...])
 2 SYSTEMPATH/View/View.php(213): include('APPPATH/Views/partials/sidenav.php')
 3 SYSTEMPATH/View/View.php(216): CodeIgniter\View\View->CodeIgniter\View\{closure}()
 4 SYSTEMPATH/View/View.php(431): CodeIgniter\View\View->render('partials/sidenav', null, true)
 5 APPPATH/Views/view.php(17): CodeIgniter\View\View->include('partials/sidenav')
 6 SYSTEMPATH/View/View.php(213): include('APPPATH/Views/view.php')
 7 SYSTEMPATH/View/View.php(216): CodeIgniter\View\View->CodeIgniter\View\{closure}()
 8 SYSTEMPATH/Common.php(1134): CodeIgniter\View\View->render('view', [], true)
 9 APPPATH/Controllers/Views.php(100): view('view', [...])
10 SYSTEMPATH/CodeIgniter.php(927): App\Controllers\Views->index('GS-001-1-2024')
11 SYSTEMPATH/CodeIgniter.php(482): CodeIgniter\CodeIgniter->runController(Object(App\Controllers\Views))
12 SYSTEMPATH/CodeIgniter.php(351): CodeIgniter\CodeIgniter->handleRequest(null, Object(Config\Cache), false)
13 FCPATH/index.php(67): CodeIgniter\CodeIgniter->run()
CRITICAL - 2022-12-02 03:06:17 --> Undefined variable: currentPage
in APPPATH/Views/partials/sidenav.php on line 6.
 1 APPPATH/Views/partials/sidenav.php(6): CodeIgniter\Debug\Exceptions->errorHandler(8, 'Undefined variable: currentPage', 'APPPATH/Views/partials/sidenav.php', 6, [...])
 2 SYSTEMPATH/View/View.php(213): include('APPPATH/Views/partials/sidenav.php')
 3 SYSTEMPATH/View/View.php(216): CodeIgniter\View\View->CodeIgniter\View\{closure}()
 4 SYSTEMPATH/View/View.php(431): CodeIgniter\View\View->render('partials/sidenav', null, true)
 5 APPPATH/Views/setting.php(18): CodeIgniter\View\View->include('partials/sidenav')
 6 SYSTEMPATH/View/View.php(213): include('APPPATH/Views/setting.php')
 7 SYSTEMPATH/View/View.php(216): CodeIgniter\View\View->CodeIgniter\View\{closure}()
 8 SYSTEMPATH/Common.php(1134): CodeIgniter\View\View->render('setting', [], true)
 9 APPPATH/Controllers/Settings.php(43): view('setting', [...])
10 SYSTEMPATH/CodeIgniter.php(927): App\Controllers\Settings->index()
11 SYSTEMPATH/CodeIgniter.php(482): CodeIgniter\CodeIgniter->runController(Object(App\Controllers\Settings))
12 SYSTEMPATH/CodeIgniter.php(351): CodeIgniter\CodeIgniter->handleRequest(null, Object(Config\Cache), false)
13 FCPATH/index.php(67): CodeIgniter\CodeIgniter->run()
CRITICAL - 2022-12-02 03:06:59 --> Undefined variable: currentPage
in APPPATH/Views/partials/sidenav.php on line 6.
 1 APPPATH/Views/partials/sidenav.php(6): CodeIgniter\Debug\Exceptions->errorHandler(8, 'Undefined variable: currentPage', 'APPPATH/Views/partials/sidenav.php', 6, [...])
 2 SYSTEMPATH/View/View.php(213): include('APPPATH/Views/partials/sidenav.php')
 3 SYSTEMPATH/View/View.php(216): CodeIgniter\View\View->CodeIgniter\View\{closure}()
 4 SYSTEMPATH/View/View.php(431): CodeIgniter\View\View->render('partials/sidenav', null, true)
 5 APPPATH/Views/setting.php(18): CodeIgniter\View\View->include('partials/sidenav')
 6 SYSTEMPATH/View/View.php(213): include('APPPATH/Views/setting.php')
 7 SYSTEMPATH/View/View.php(216): CodeIgniter\View\View->CodeIgniter\View\{closure}()
 8 SYSTEMPATH/Common.php(1134): CodeIgniter\View\View->render('setting', [], true)
 9 APPPATH/Controllers/Settings.php(43): view('setting', [...])
10 SYSTEMPATH/CodeIgniter.php(927): App\Controllers\Settings->index()
11 SYSTEMPATH/CodeIgniter.php(482): CodeIgniter\CodeIgniter->runController(Object(App\Controllers\Settings))
12 SYSTEMPATH/CodeIgniter.php(351): CodeIgniter\CodeIgniter->handleRequest(null, Object(Config\Cache), false)
13 FCPATH/index.php(67): CodeIgniter\CodeIgniter->run()
CRITICAL - 2022-12-02 03:08:30 --> Undefined variable: currentPage
in APPPATH/Views/partials/sidenav.php on line 6.
 1 APPPATH/Views/partials/sidenav.php(6): CodeIgniter\Debug\Exceptions->errorHandler(8, 'Undefined variable: currentPage', 'APPPATH/Views/partials/sidenav.php', 6, [...])
 2 SYSTEMPATH/View/View.php(213): include('APPPATH/Views/partials/sidenav.php')
 3 SYSTEMPATH/View/View.php(216): CodeIgniter\View\View->CodeIgniter\View\{closure}()
 4 SYSTEMPATH/View/View.php(431): CodeIgniter\View\View->render('partials/sidenav', null, true)
 5 APPPATH/Views/submission.php(18): CodeIgniter\View\View->include('partials/sidenav')
 6 SYSTEMPATH/View/View.php(213): include('APPPATH/Views/submission.php')
 7 SYSTEMPATH/View/View.php(216): CodeIgniter\View\View->CodeIgniter\View\{closure}()
 8 SYSTEMPATH/Common.php(1134): CodeIgniter\View\View->render('submission', [], true)
 9 APPPATH/Controllers/Submissions.php(110): view('submission', [...])
10 SYSTEMPATH/CodeIgniter.php(927): App\Controllers\Submissions->pending()
11 SYSTEMPATH/CodeIgniter.php(482): CodeIgniter\CodeIgniter->runController(Object(App\Controllers\Submissions))
12 SYSTEMPATH/CodeIgniter.php(351): CodeIgniter\CodeIgniter->handleRequest(null, Object(Config\Cache), false)
13 FCPATH/index.php(67): CodeIgniter\CodeIgniter->run()
CRITICAL - 2022-12-02 03:16:23 --> Undefined variable: email
in APPPATH/Views/setting.php on line 32.
 1 APPPATH/Views/setting.php(32): CodeIgniter\Debug\Exceptions->errorHandler(8, 'Undefined variable: email', 'APPPATH/Views/setting.php', 32, [...])
 2 SYSTEMPATH/View/View.php(213): include('APPPATH/Views/setting.php')
 3 SYSTEMPATH/View/View.php(216): CodeIgniter\View\View->CodeIgniter\View\{closure}()
 4 SYSTEMPATH/Common.php(1134): CodeIgniter\View\View->render('setting', [], true)
 5 APPPATH/Controllers/Settings.php(44): view('setting', [...])
 6 SYSTEMPATH/CodeIgniter.php(927): App\Controllers\Settings->index()
 7 SYSTEMPATH/CodeIgniter.php(482): CodeIgniter\CodeIgniter->runController(Object(App\Controllers\Settings))
 8 SYSTEMPATH/CodeIgniter.php(351): CodeIgniter\CodeIgniter->handleRequest(null, Object(Config\Cache), false)
 9 FCPATH/index.php(67): CodeIgniter\CodeIgniter->run()
CRITICAL - 2022-12-02 03:39:03 --> Undefined variable: currentPage
in APPPATH/Views/partials/sidenav.php on line 6.
 1 APPPATH/Views/partials/sidenav.php(6): CodeIgniter\Debug\Exceptions->errorHandler(8, 'Undefined variable: currentPage', 'APPPATH/Views/partials/sidenav.php', 6, [...])
 2 SYSTEMPATH/View/View.php(213): include('APPPATH/Views/partials/sidenav.php')
 3 SYSTEMPATH/View/View.php(216): CodeIgniter\View\View->CodeIgniter\View\{closure}()
 4 SYSTEMPATH/View/View.php(431): CodeIgniter\View\View->render('partials/sidenav', null, true)
 5 APPPATH/Views/esign.php(20): CodeIgniter\View\View->include('partials/sidenav')
 6 SYSTEMPATH/View/View.php(213): include('APPPATH/Views/esign.php')
 7 SYSTEMPATH/View/View.php(216): CodeIgniter\View\View->CodeIgniter\View\{closure}()
 8 SYSTEMPATH/Common.php(1134): CodeIgniter\View\View->render('esign', [], true)
 9 APPPATH/Controllers/Settings.php(88): view('esign', [...])
10 SYSTEMPATH/CodeIgniter.php(927): App\Controllers\Settings->esign()
11 SYSTEMPATH/CodeIgniter.php(482): CodeIgniter\CodeIgniter->runController(Object(App\Controllers\Settings))
12 SYSTEMPATH/CodeIgniter.php(351): CodeIgniter\CodeIgniter->handleRequest(null, Object(Config\Cache), false)
13 FCPATH/index.php(67): CodeIgniter\CodeIgniter->run()
CRITICAL - 2022-12-02 03:51:09 --> Undefined variable: currentPage
in APPPATH/Views/partials/sidenav.php on line 6.
 1 APPPATH/Views/partials/sidenav.php(6): CodeIgniter\Debug\Exceptions->errorHandler(8, 'Undefined variable: currentPage', 'APPPATH/Views/partials/sidenav.php', 6, [...])
 2 SYSTEMPATH/View/View.php(213): include('APPPATH/Views/partials/sidenav.php')
 3 SYSTEMPATH/View/View.php(216): CodeIgniter\View\View->CodeIgniter\View\{closure}()
 4 SYSTEMPATH/View/View.php(431): CodeIgniter\View\View->render('partials/sidenav', null, true)
 5 APPPATH/Views/view.php(17): CodeIgniter\View\View->include('partials/sidenav')
 6 SYSTEMPATH/View/View.php(213): include('APPPATH/Views/view.php')
 7 SYSTEMPATH/View/View.php(216): CodeIgniter\View\View->CodeIgniter\View\{closure}()
 8 SYSTEMPATH/Common.php(1134): CodeIgniter\View\View->render('view', [], true)
 9 APPPATH/Controllers/Views.php(100): view('view', [...])
10 SYSTEMPATH/CodeIgniter.php(927): App\Controllers\Views->index('GS002-XI-2022')
11 SYSTEMPATH/CodeIgniter.php(482): CodeIgniter\CodeIgniter->runController(Object(App\Controllers\Views))
12 SYSTEMPATH/CodeIgniter.php(351): CodeIgniter\CodeIgniter->handleRequest(null, Object(Config\Cache), false)
13 FCPATH/index.php(67): CodeIgniter\CodeIgniter->run()
CRITICAL - 2022-12-02 03:51:33 --> Undefined variable: currentPage
in APPPATH/Views/partials/sidenav.php on line 6.
 1 APPPATH/Views/partials/sidenav.php(6): CodeIgniter\Debug\Exceptions->errorHandler(8, 'Undefined variable: currentPage', 'APPPATH/Views/partials/sidenav.php', 6, [...])
 2 SYSTEMPATH/View/View.php(213): include('APPPATH/Views/partials/sidenav.php')
 3 SYSTEMPATH/View/View.php(216): CodeIgniter\View\View->CodeIgniter\View\{closure}()
 4 SYSTEMPATH/View/View.php(431): CodeIgniter\View\View->render('partials/sidenav', null, true)
 5 APPPATH/Views/view.php(17): CodeIgniter\View\View->include('partials/sidenav')
 6 SYSTEMPATH/View/View.php(213): include('APPPATH/Views/view.php')
 7 SYSTEMPATH/View/View.php(216): CodeIgniter\View\View->CodeIgniter\View\{closure}()
 8 SYSTEMPATH/Common.php(1134): CodeIgniter\View\View->render('view', [], true)
 9 APPPATH/Controllers/Views.php(100): view('view', [...])
10 SYSTEMPATH/CodeIgniter.php(927): App\Controllers\Views->index('GS002-XI-2022')
11 SYSTEMPATH/CodeIgniter.php(482): CodeIgniter\CodeIgniter->runController(Object(App\Controllers\Views))
12 SYSTEMPATH/CodeIgniter.php(351): CodeIgniter\CodeIgniter->handleRequest(null, Object(Config\Cache), false)
13 FCPATH/index.php(67): CodeIgniter\CodeIgniter->run()
CRITICAL - 2022-12-02 03:55:51 --> Undefined variable: currentPage
in APPPATH/Views/partials/sidenav.php on line 6.
 1 APPPATH/Views/partials/sidenav.php(6): CodeIgniter\Debug\Exceptions->errorHandler(8, 'Undefined variable: currentPage', 'APPPATH/Views/partials/sidenav.php', 6, [...])
 2 SYSTEMPATH/View/View.php(213): include('APPPATH/Views/partials/sidenav.php')
 3 SYSTEMPATH/View/View.php(216): CodeIgniter\View\View->CodeIgniter\View\{closure}()
 4 SYSTEMPATH/View/View.php(431): CodeIgniter\View\View->render('partials/sidenav', null, true)
 5 APPPATH/Views/view.php(17): CodeIgniter\View\View->include('partials/sidenav')
 6 SYSTEMPATH/View/View.php(213): include('APPPATH/Views/view.php')
 7 SYSTEMPATH/View/View.php(216): CodeIgniter\View\View->CodeIgniter\View\{closure}()
 8 SYSTEMPATH/Common.php(1134): CodeIgniter\View\View->render('view', [], true)
 9 APPPATH/Controllers/Views.php(100): view('view', [...])
10 SYSTEMPATH/CodeIgniter.php(927): App\Controllers\Views->index('GS002-XI-2022')
11 SYSTEMPATH/CodeIgniter.php(482): CodeIgniter\CodeIgniter->runController(Object(App\Controllers\Views))
12 SYSTEMPATH/CodeIgniter.php(351): CodeIgniter\CodeIgniter->handleRequest(null, Object(Config\Cache), false)
13 FCPATH/index.php(67): CodeIgniter\CodeIgniter->run()
CRITICAL - 2022-12-02 03:55:53 --> Undefined variable: currentPage
in APPPATH/Views/partials/sidenav.php on line 6.
 1 APPPATH/Views/partials/sidenav.php(6): CodeIgniter\Debug\Exceptions->errorHandler(8, 'Undefined variable: currentPage', 'APPPATH/Views/partials/sidenav.php', 6, [...])
 2 SYSTEMPATH/View/View.php(213): include('APPPATH/Views/partials/sidenav.php')
 3 SYSTEMPATH/View/View.php(216): CodeIgniter\View\View->CodeIgniter\View\{closure}()
 4 SYSTEMPATH/View/View.php(431): CodeIgniter\View\View->render('partials/sidenav', null, true)
 5 APPPATH/Views/view.php(17): CodeIgniter\View\View->include('partials/sidenav')
 6 SYSTEMPATH/View/View.php(213): include('APPPATH/Views/view.php')
 7 SYSTEMPATH/View/View.php(216): CodeIgniter\View\View->CodeIgniter\View\{closure}()
 8 SYSTEMPATH/Common.php(1134): CodeIgniter\View\View->render('view', [], true)
 9 APPPATH/Controllers/Views.php(100): view('view', [...])
10 SYSTEMPATH/CodeIgniter.php(927): App\Controllers\Views->index('GS002-XI-2022')
11 SYSTEMPATH/CodeIgniter.php(482): CodeIgniter\CodeIgniter->runController(Object(App\Controllers\Views))
12 SYSTEMPATH/CodeIgniter.php(351): CodeIgniter\CodeIgniter->handleRequest(null, Object(Config\Cache), false)
13 FCPATH/index.php(67): CodeIgniter\CodeIgniter->run()
CRITICAL - 2022-12-02 09:08:20 --> Not Found
in APPPATH/Controllers/Views.php on line 96.
 1 SYSTEMPATH/CodeIgniter.php(927): App\Controllers\Views->index('GS-001-1-2024')
 2 SYSTEMPATH/CodeIgniter.php(482): CodeIgniter\CodeIgniter->runController(Object(App\Controllers\Views))
 3 SYSTEMPATH/CodeIgniter.php(351): CodeIgniter\CodeIgniter->handleRequest(null, Object(Config\Cache), false)
 4 FCPATH/index.php(67): CodeIgniter\CodeIgniter->run()
CRITICAL - 2022-12-02 14:33:59 --> Undefined variable: message
in APPPATH/Views/view.php on line 192.
 1 APPPATH/Views/view.php(192): CodeIgniter\Debug\Exceptions->errorHandler(8, 'Undefined variable: message', 'APPPATH/Views/view.php', 192, [...])
 2 SYSTEMPATH/View/View.php(213): include('APPPATH/Views/view.php')
 3 SYSTEMPATH/View/View.php(216): CodeIgniter\View\View->CodeIgniter\View\{closure}()
 4 SYSTEMPATH/Common.php(1134): CodeIgniter\View\View->render('view', [], true)
 5 APPPATH/Controllers/Views.php(102): view('view', [...])
 6 SYSTEMPATH/CodeIgniter.php(927): App\Controllers\Views->index('GS-001-11-2024')
 7 SYSTEMPATH/CodeIgniter.php(482): CodeIgniter\CodeIgniter->runController(Object(App\Controllers\Views))
 8 SYSTEMPATH/CodeIgniter.php(351): CodeIgniter\CodeIgniter->handleRequest(null, Object(Config\Cache), false)
 9 FCPATH/index.php(67): CodeIgniter\CodeIgniter->run()
CRITICAL - 2022-12-02 14:36:54 --> Undefined variable: prevApprover
in APPPATH/Views/view.php on line 191.
 1 APPPATH/Views/view.php(191): CodeIgniter\Debug\Exceptions->errorHandler(8, 'Undefined variable: prevApprover', 'APPPATH/Views/view.php', 191, [...])
 2 SYSTEMPATH/View/View.php(213): include('APPPATH/Views/view.php')
 3 SYSTEMPATH/View/View.php(216): CodeIgniter\View\View->CodeIgniter\View\{closure}()
 4 SYSTEMPATH/Common.php(1134): CodeIgniter\View\View->render('view', [], true)
 5 APPPATH/Controllers/Views.php(102): view('view', [...])
 6 SYSTEMPATH/CodeIgniter.php(927): App\Controllers\Views->index('GS-001-11-2024')
 7 SYSTEMPATH/CodeIgniter.php(482): CodeIgniter\CodeIgniter->runController(Object(App\Controllers\Views))
 8 SYSTEMPATH/CodeIgniter.php(351): CodeIgniter\CodeIgniter->handleRequest(null, Object(Config\Cache), false)
 9 FCPATH/index.php(67): CodeIgniter\CodeIgniter->run()
CRITICAL - 2022-12-02 14:38:10 --> Undefined variable: file
in APPPATH/Views/view.php on line 195.
 1 APPPATH/Views/view.php(195): CodeIgniter\Debug\Exceptions->errorHandler(8, 'Undefined variable: file', 'APPPATH/Views/view.php', 195, [...])
 2 SYSTEMPATH/View/View.php(213): include('APPPATH/Views/view.php')
 3 SYSTEMPATH/View/View.php(216): CodeIgniter\View\View->CodeIgniter\View\{closure}()
 4 SYSTEMPATH/Common.php(1134): CodeIgniter\View\View->render('view', [], true)
 5 APPPATH/Controllers/Views.php(102): view('view', [...])
 6 SYSTEMPATH/CodeIgniter.php(927): App\Controllers\Views->index('GS-001-11-2024')
 7 SYSTEMPATH/CodeIgniter.php(482): CodeIgniter\CodeIgniter->runController(Object(App\Controllers\Views))
 8 SYSTEMPATH/CodeIgniter.php(351): CodeIgniter\CodeIgniter->handleRequest(null, Object(Config\Cache), false)
 9 FCPATH/index.php(67): CodeIgniter\CodeIgniter->run()
