CRITICAL - 2022-12-03 15:06:07 --> Undefined variable: type
in APPPATH/Views/view.php on line 7.
 1 APPPATH/Views/view.php(7): CodeIgniter\Debug\Exceptions->errorHandler(8, 'Undefined variable: type', 'APPPATH/Views/view.php', 7, [...])
 2 SYSTEMPATH/View/View.php(213): include('APPPATH/Views/view.php')
 3 SYSTEMPATH/View/View.php(216): CodeIgniter\View\View->CodeIgniter\View\{closure}()
 4 SYSTEMPATH/Common.php(1134): CodeIgniter\View\View->render('view', [], true)
 5 APPPATH/Controllers/Views.php(103): view('view', [...])
 6 SYSTEMPATH/CodeIgniter.php(927): App\Controllers\Views->index('GS-071-10-2022')
 7 SYSTEMPATH/CodeIgniter.php(482): CodeIgniter\CodeIgniter->runController(Object(App\Controllers\Views))
 8 SYSTEMPATH/CodeIgniter.php(351): CodeIgniter\CodeIgniter->handleRequest(null, Object(Config\Cache), false)
 9 FCPATH/index.php(67): CodeIgniter\CodeIgniter->run()
CRITICAL - 2022-12-03 15:18:15 --> Undefined variable: type
in APPPATH/Views/submission.php on line 81.
 1 APPPATH/Views/submission.php(81): CodeIgniter\Debug\Exceptions->errorHandler(8, 'Undefined variable: type', 'APPPATH/Views/submission.php', 81, [...])
 2 SYSTEMPATH/View/View.php(213): include('APPPATH/Views/submission.php')
 3 SYSTEMPATH/View/View.php(216): CodeIgniter\View\View->CodeIgniter\View\{closure}()
 4 SYSTEMPATH/Common.php(1134): CodeIgniter\View\View->render('submission', [], true)
 5 APPPATH/Controllers/Submissions.php(327): view('submission', [...])
 6 SYSTEMPATH/CodeIgniter.php(927): App\Controllers\Submissions->approved()
 7 SYSTEMPATH/CodeIgniter.php(482): CodeIgniter\CodeIgniter->runController(Object(App\Controllers\Submissions))
 8 SYSTEMPATH/CodeIgniter.php(351): CodeIgniter\CodeIgniter->handleRequest(null, Object(Config\Cache), false)
 9 FCPATH/index.php(67): CodeIgniter\CodeIgniter->run()
CRITICAL - 2022-12-03 15:18:45 --> Undefined variable: document
in APPPATH/Views/submission.php on line 81.
 1 APPPATH/Views/submission.php(81): CodeIgniter\Debug\Exceptions->errorHandler(8, 'Undefined variable: document', 'APPPATH/Views/submission.php', 81, [...])
 2 SYSTEMPATH/View/View.php(213): include('APPPATH/Views/submission.php')
 3 SYSTEMPATH/View/View.php(216): CodeIgniter\View\View->CodeIgniter\View\{closure}()
 4 SYSTEMPATH/Common.php(1134): CodeIgniter\View\View->render('submission', [], true)
 5 APPPATH/Controllers/Submissions.php(327): view('submission', [...])
 6 SYSTEMPATH/CodeIgniter.php(927): App\Controllers\Submissions->approved()
 7 SYSTEMPATH/CodeIgniter.php(482): CodeIgniter\CodeIgniter->runController(Object(App\Controllers\Submissions))
 8 SYSTEMPATH/CodeIgniter.php(351): CodeIgniter\CodeIgniter->handleRequest(null, Object(Config\Cache), false)
 9 FCPATH/index.php(67): CodeIgniter\CodeIgniter->run()
CRITICAL - 2022-12-03 15:18:48 --> Undefined variable: document
in APPPATH/Views/submission.php on line 81.
 1 APPPATH/Views/submission.php(81): CodeIgniter\Debug\Exceptions->errorHandler(8, 'Undefined variable: document', 'APPPATH/Views/submission.php', 81, [...])
 2 SYSTEMPATH/View/View.php(213): include('APPPATH/Views/submission.php')
 3 SYSTEMPATH/View/View.php(216): CodeIgniter\View\View->CodeIgniter\View\{closure}()
 4 SYSTEMPATH/Common.php(1134): CodeIgniter\View\View->render('submission', [], true)
 5 APPPATH/Controllers/Submissions.php(327): view('submission', [...])
 6 SYSTEMPATH/CodeIgniter.php(927): App\Controllers\Submissions->approved()
 7 SYSTEMPATH/CodeIgniter.php(482): CodeIgniter\CodeIgniter->runController(Object(App\Controllers\Submissions))
 8 SYSTEMPATH/CodeIgniter.php(351): CodeIgniter\CodeIgniter->handleRequest(null, Object(Config\Cache), false)
 9 FCPATH/index.php(67): CodeIgniter\CodeIgniter->run()
CRITICAL - 2022-12-03 15:19:04 --> Undefined index: type
in APPPATH/Views/submission.php on line 81.
 1 APPPATH/Views/submission.php(81): CodeIgniter\Debug\Exceptions->errorHandler(8, 'Undefined index: type', 'APPPATH/Views/submission.php', 81, [...])
 2 SYSTEMPATH/View/View.php(213): include('APPPATH/Views/submission.php')
 3 SYSTEMPATH/View/View.php(216): CodeIgniter\View\View->CodeIgniter\View\{closure}()
 4 SYSTEMPATH/Common.php(1134): CodeIgniter\View\View->render('submission', [], true)
 5 APPPATH/Controllers/Submissions.php(327): view('submission', [...])
 6 SYSTEMPATH/CodeIgniter.php(927): App\Controllers\Submissions->approved()
 7 SYSTEMPATH/CodeIgniter.php(482): CodeIgniter\CodeIgniter->runController(Object(App\Controllers\Submissions))
 8 SYSTEMPATH/CodeIgniter.php(351): CodeIgniter\CodeIgniter->handleRequest(null, Object(Config\Cache), false)
 9 FCPATH/index.php(67): CodeIgniter\CodeIgniter->run()
CRITICAL - 2022-12-03 15:21:08 --> Undefined index: type
in APPPATH/Views/submission.php on line 81.
 1 APPPATH/Views/submission.php(81): CodeIgniter\Debug\Exceptions->errorHandler(8, 'Undefined index: type', 'APPPATH/Views/submission.php', 81, [...])
 2 SYSTEMPATH/View/View.php(213): include('APPPATH/Views/submission.php')
 3 SYSTEMPATH/View/View.php(216): CodeIgniter\View\View->CodeIgniter\View\{closure}()
 4 SYSTEMPATH/Common.php(1134): CodeIgniter\View\View->render('submission', [], true)
 5 APPPATH/Controllers/Submissions.php(327): view('submission', [...])
 6 SYSTEMPATH/CodeIgniter.php(927): App\Controllers\Submissions->approved()
 7 SYSTEMPATH/CodeIgniter.php(482): CodeIgniter\CodeIgniter->runController(Object(App\Controllers\Submissions))
 8 SYSTEMPATH/CodeIgniter.php(351): CodeIgniter\CodeIgniter->handleRequest(null, Object(Config\Cache), false)
 9 FCPATH/index.php(67): CodeIgniter\CodeIgniter->run()
CRITICAL - 2022-12-03 15:27:56 --> Undefined index: $type
in APPPATH/Views/edit.php on line 33.
 1 APPPATH/Views/edit.php(33): CodeIgniter\Debug\Exceptions->errorHandler(8, 'Undefined index: $type', 'APPPATH/Views/edit.php', 33, [...])
 2 SYSTEMPATH/View/View.php(213): include('APPPATH/Views/edit.php')
 3 SYSTEMPATH/View/View.php(216): CodeIgniter\View\View->CodeIgniter\View\{closure}()
 4 SYSTEMPATH/Common.php(1134): CodeIgniter\View\View->render('edit', [], true)
 5 APPPATH/Controllers/Views.php(206): view('edit', [...])
 6 SYSTEMPATH/CodeIgniter.php(927): App\Controllers\Views->edit('GS-001-10-2024')
 7 SYSTEMPATH/CodeIgniter.php(482): CodeIgniter\CodeIgniter->runController(Object(App\Controllers\Views))
 8 SYSTEMPATH/CodeIgniter.php(351): CodeIgniter\CodeIgniter->handleRequest(null, Object(Config\Cache), false)
 9 FCPATH/index.php(67): CodeIgniter\CodeIgniter->run()
CRITICAL - 2022-12-03 15:48:26 --> Undefined variable: projects
in APPPATH/Views/project.php on line 42.
 1 APPPATH/Views/project.php(42): CodeIgniter\Debug\Exceptions->errorHandler(8, 'Undefined variable: projects', 'APPPATH/Views/project.php', 42, [...])
 2 SYSTEMPATH/View/View.php(213): include('APPPATH/Views/project.php')
 3 SYSTEMPATH/View/View.php(216): CodeIgniter\View\View->CodeIgniter\View\{closure}()
 4 SYSTEMPATH/Common.php(1134): CodeIgniter\View\View->render('project', [], true)
 5 APPPATH/Controllers/Settings.php(509): view('project', [...])
 6 SYSTEMPATH/CodeIgniter.php(927): App\Controllers\Settings->projects()
 7 SYSTEMPATH/CodeIgniter.php(482): CodeIgniter\CodeIgniter->runController(Object(App\Controllers\Settings))
 8 SYSTEMPATH/CodeIgniter.php(351): CodeIgniter\CodeIgniter->handleRequest(null, Object(Config\Cache), false)
 9 FCPATH/index.php(67): CodeIgniter\CodeIgniter->run()
CRITICAL - 2022-12-03 15:52:22 --> Undefined variable: hierarchies
in APPPATH/Views/project.php on line 63.
 1 APPPATH/Views/project.php(63): CodeIgniter\Debug\Exceptions->errorHandler(8, 'Undefined variable: hierarchies', 'APPPATH/Views/project.php', 63, [...])
 2 SYSTEMPATH/View/View.php(213): include('APPPATH/Views/project.php')
 3 SYSTEMPATH/View/View.php(216): CodeIgniter\View\View->CodeIgniter\View\{closure}()
 4 SYSTEMPATH/Common.php(1134): CodeIgniter\View\View->render('project', [], true)
 5 APPPATH/Controllers/Settings.php(509): view('project', [...])
 6 SYSTEMPATH/CodeIgniter.php(927): App\Controllers\Settings->projects()
 7 SYSTEMPATH/CodeIgniter.php(482): CodeIgniter\CodeIgniter->runController(Object(App\Controllers\Settings))
 8 SYSTEMPATH/CodeIgniter.php(351): CodeIgniter\CodeIgniter->handleRequest(null, Object(Config\Cache), false)
 9 FCPATH/index.php(67): CodeIgniter\CodeIgniter->run()
CRITICAL - 2022-12-03 16:14:31 --> Undefined variable: categories
in APPPATH/Views/category.php on line 42.
 1 APPPATH/Views/category.php(42): CodeIgniter\Debug\Exceptions->errorHandler(8, 'Undefined variable: categories', 'APPPATH/Views/category.php', 42, [...])
 2 SYSTEMPATH/View/View.php(213): include('APPPATH/Views/category.php')
 3 SYSTEMPATH/View/View.php(216): CodeIgniter\View\View->CodeIgniter\View\{closure}()
 4 SYSTEMPATH/Common.php(1134): CodeIgniter\View\View->render('category', [], true)
 5 APPPATH/Controllers/Settings.php(633): view('category', [...])
 6 SYSTEMPATH/CodeIgniter.php(927): App\Controllers\Settings->categories()
 7 SYSTEMPATH/CodeIgniter.php(482): CodeIgniter\CodeIgniter->runController(Object(App\Controllers\Settings))
 8 SYSTEMPATH/CodeIgniter.php(351): CodeIgniter\CodeIgniter->handleRequest(null, Object(Config\Cache), false)
 9 FCPATH/index.php(67): CodeIgniter\CodeIgniter->run()
CRITICAL - 2022-12-03 16:22:52 --> Undefined variable: projects
in APPPATH/Views/category.php on line 47.
 1 APPPATH/Views/category.php(47): CodeIgniter\Debug\Exceptions->errorHandler(8, 'Undefined variable: projects', 'APPPATH/Views/category.php', 47, [...])
 2 SYSTEMPATH/View/View.php(213): include('APPPATH/Views/category.php')
 3 SYSTEMPATH/View/View.php(216): CodeIgniter\View\View->CodeIgniter\View\{closure}()
 4 SYSTEMPATH/Common.php(1134): CodeIgniter\View\View->render('category', [], true)
 5 APPPATH/Controllers/Settings.php(636): view('category', [...])
 6 SYSTEMPATH/CodeIgniter.php(927): App\Controllers\Settings->categories()
 7 SYSTEMPATH/CodeIgniter.php(482): CodeIgniter\CodeIgniter->runController(Object(App\Controllers\Settings))
 8 SYSTEMPATH/CodeIgniter.php(351): CodeIgniter\CodeIgniter->handleRequest(null, Object(Config\Cache), false)
 9 FCPATH/index.php(67): CodeIgniter\CodeIgniter->run()
CRITICAL - 2022-12-03 17:20:04 --> Too few arguments to function App\Controllers\Exports::index(), 0 passed in /home/u1606672/public_html/system/CodeIgniter.php on line 927 and exactly 1 expected
in APPPATH/Controllers/Exports.php on line 7.
 1 SYSTEMPATH/CodeIgniter.php(927): App\Controllers\Exports->index()
 2 SYSTEMPATH/CodeIgniter.php(482): CodeIgniter\CodeIgniter->runController(Object(App\Controllers\Exports))
 3 SYSTEMPATH/CodeIgniter.php(351): CodeIgniter\CodeIgniter->handleRequest(null, Object(Config\Cache), false)
 4 FCPATH/index.php(67): CodeIgniter\CodeIgniter->run()
CRITICAL - 2022-12-03 17:20:14 --> Undefined variable: submission
in APPPATH/Controllers/Exports.php on line 28.
 1 APPPATH/Controllers/Exports.php(28): CodeIgniter\Debug\Exceptions->errorHandler(8, 'Undefined variable: submission', 'APPPATH/Controllers/Exports.php', 28, [...])
 2 SYSTEMPATH/CodeIgniter.php(927): App\Controllers\Exports->index()
 3 SYSTEMPATH/CodeIgniter.php(482): CodeIgniter\CodeIgniter->runController(Object(App\Controllers\Exports))
 4 SYSTEMPATH/CodeIgniter.php(351): CodeIgniter\CodeIgniter->handleRequest(null, Object(Config\Cache), false)
 5 FCPATH/index.php(67): CodeIgniter\CodeIgniter->run()
ERROR - 2022-12-03 17:25:12 --> mysqli_sql_exception: You have an error in your SQL syntax; check the manual that corresponds to your MariaDB server version for the right syntax to use near 'as results FROM submissions WHERE Manager is NOT NULL' at line 1 in /home/u1606672/public_html/system/Database/MySQLi/Connection.php:292
Stack trace:
#0 /home/u1606672/public_html/system/Database/MySQLi/Connection.php(292): mysqli->query('SELECT * as res...', 0)
#1 /home/u1606672/public_html/system/Database/BaseConnection.php(666): CodeIgniter\Database\MySQLi\Connection->execute('SELECT * as res...')
#2 /home/u1606672/public_html/system/Database/BaseConnection.php(593): CodeIgniter\Database\BaseConnection->simpleQuery('SELECT * as res...')
#3 /home/u1606672/public_html/app/Controllers/Exports.php(39): CodeIgniter\Database\BaseConnection->query('SELECT * as res...')
#4 /home/u1606672/public_html/system/CodeIgniter.php(927): App\Controllers\Exports->index()
#5 /home/u1606672/public_html/system/CodeIgniter.php(482): CodeIgniter\CodeIgniter->runController(Object(App\Controllers\Exports))
#6 /home/u1606672/public_html/system/CodeIgniter.php(351): CodeIgniter\CodeIgniter->handleRequest(NULL, Object(Config\Cache), false)
#7 /home/u1606672/public_html/public/index.php(67): CodeIgniter\CodeIgniter->run()
#8 {main}
CRITICAL - 2022-12-03 17:25:12 --> You have an error in your SQL syntax; check the manual that corresponds to your MariaDB server version for the right syntax to use near 'as results FROM submissions WHERE Manager is NOT NULL' at line 1
in SYSTEMPATH/Database/MySQLi/Connection.php on line 292.
 1 SYSTEMPATH/Database/MySQLi/Connection.php(292): mysqli->query('SELECT * as results FROM submissions WHERE Manager is NOT NULL', 0)
 2 SYSTEMPATH/Database/BaseConnection.php(666): CodeIgniter\Database\MySQLi\Connection->execute('SELECT * as results FROM submissions WHERE Manager is NOT NULL')
 3 SYSTEMPATH/Database/BaseConnection.php(593): CodeIgniter\Database\BaseConnection->simpleQuery('SELECT * as results FROM submissions WHERE Manager is NOT NULL')
 4 APPPATH/Controllers/Exports.php(39): CodeIgniter\Database\BaseConnection->query('SELECT * as results FROM submissions WHERE Manager is NOT NULL')
 5 SYSTEMPATH/CodeIgniter.php(927): App\Controllers\Exports->index()
 6 SYSTEMPATH/CodeIgniter.php(482): CodeIgniter\CodeIgniter->runController(Object(App\Controllers\Exports))
 7 SYSTEMPATH/CodeIgniter.php(351): CodeIgniter\CodeIgniter->handleRequest(null, Object(Config\Cache), false)
 8 FCPATH/index.php(67): CodeIgniter\CodeIgniter->run()
CRITICAL - 2022-12-03 17:30:25 --> Undefined variable: breadcrumb
in APPPATH/Views/export.php on line 8.
 1 APPPATH/Views/export.php(8): CodeIgniter\Debug\Exceptions->errorHandler(8, 'Undefined variable: breadcrumb', 'APPPATH/Views/export.php', 8, [...])
 2 SYSTEMPATH/View/View.php(213): include('APPPATH/Views/export.php')
 3 SYSTEMPATH/View/View.php(216): CodeIgniter\View\View->CodeIgniter\View\{closure}()
 4 SYSTEMPATH/Common.php(1134): CodeIgniter\View\View->render('export', [], true)
 5 APPPATH/Controllers/Exports.php(72): view('export', [...])
 6 SYSTEMPATH/CodeIgniter.php(927): App\Controllers\Exports->index()
 7 SYSTEMPATH/CodeIgniter.php(482): CodeIgniter\CodeIgniter->runController(Object(App\Controllers\Exports))
 8 SYSTEMPATH/CodeIgniter.php(351): CodeIgniter\CodeIgniter->handleRequest(null, Object(Config\Cache), false)
 9 FCPATH/index.php(67): CodeIgniter\CodeIgniter->run()
CRITICAL - 2022-12-03 17:30:52 --> Undefined variable: currentPage
in APPPATH/Views/partials/sidenav.php on line 6.
 1 APPPATH/Views/partials/sidenav.php(6): CodeIgniter\Debug\Exceptions->errorHandler(8, 'Undefined variable: currentPage', 'APPPATH/Views/partials/sidenav.php', 6, [...])
 2 SYSTEMPATH/View/View.php(213): include('APPPATH/Views/partials/sidenav.php')
 3 SYSTEMPATH/View/View.php(216): CodeIgniter\View\View->CodeIgniter\View\{closure}()
 4 SYSTEMPATH/View/View.php(431): CodeIgniter\View\View->render('partials/sidenav', null, true)
 5 APPPATH/Views/export.php(18): CodeIgniter\View\View->include('partials/sidenav')
 6 SYSTEMPATH/View/View.php(213): include('APPPATH/Views/export.php')
 7 SYSTEMPATH/View/View.php(216): CodeIgniter\View\View->CodeIgniter\View\{closure}()
 8 SYSTEMPATH/Common.php(1134): CodeIgniter\View\View->render('export', [], true)
 9 APPPATH/Controllers/Exports.php(72): view('export', [...])
10 SYSTEMPATH/CodeIgniter.php(927): App\Controllers\Exports->index()
11 SYSTEMPATH/CodeIgniter.php(482): CodeIgniter\CodeIgniter->runController(Object(App\Controllers\Exports))
12 SYSTEMPATH/CodeIgniter.php(351): CodeIgniter\CodeIgniter->handleRequest(null, Object(Config\Cache), false)
13 FCPATH/index.php(67): CodeIgniter\CodeIgniter->run()
CRITICAL - 2022-12-03 17:32:24 --> Undefined variable: sort
in APPPATH/Views/export.php on line 35.
 1 APPPATH/Views/export.php(35): CodeIgniter\Debug\Exceptions->errorHandler(8, 'Undefined variable: sort', 'APPPATH/Views/export.php', 35, [...])
 2 SYSTEMPATH/View/View.php(213): include('APPPATH/Views/export.php')
 3 SYSTEMPATH/View/View.php(216): CodeIgniter\View\View->CodeIgniter\View\{closure}()
 4 SYSTEMPATH/Common.php(1134): CodeIgniter\View\View->render('export', [], true)
 5 APPPATH/Controllers/Exports.php(73): view('export', [...])
 6 SYSTEMPATH/CodeIgniter.php(927): App\Controllers\Exports->index()
 7 SYSTEMPATH/CodeIgniter.php(482): CodeIgniter\CodeIgniter->runController(Object(App\Controllers\Exports))
 8 SYSTEMPATH/CodeIgniter.php(351): CodeIgniter\CodeIgniter->handleRequest(null, Object(Config\Cache), false)
 9 FCPATH/index.php(67): CodeIgniter\CodeIgniter->run()
CRITICAL - 2022-12-03 17:34:56 --> Undefined variable: breadcrumb
in APPPATH/Views/export.php on line 45.
 1 APPPATH/Views/export.php(45): CodeIgniter\Debug\Exceptions->errorHandler(8, 'Undefined variable: breadcrumb', 'APPPATH/Views/export.php', 45, [...])
 2 SYSTEMPATH/View/View.php(213): include('APPPATH/Views/export.php')
 3 SYSTEMPATH/View/View.php(216): CodeIgniter\View\View->CodeIgniter\View\{closure}()
 4 SYSTEMPATH/Common.php(1134): CodeIgniter\View\View->render('export', [], true)
 5 APPPATH/Controllers/Exports.php(77): view('export', [...])
 6 SYSTEMPATH/CodeIgniter.php(927): App\Controllers\Exports->index()
 7 SYSTEMPATH/CodeIgniter.php(482): CodeIgniter\CodeIgniter->runController(Object(App\Controllers\Exports))
 8 SYSTEMPATH/CodeIgniter.php(351): CodeIgniter\CodeIgniter->handleRequest(null, Object(Config\Cache), false)
 9 FCPATH/index.php(67): CodeIgniter\CodeIgniter->run()
CRITICAL - 2022-12-03 18:01:40 --> Call to undefined function form_open()
in APPPATH/Views/login.php on line 35.
 1 SYSTEMPATH/View/View.php(213): include()
 2 SYSTEMPATH/View/View.php(216): CodeIgniter\View\View->CodeIgniter\View\{closure}()
 3 SYSTEMPATH/Common.php(1134): CodeIgniter\View\View->render('login', [], true)
 4 APPPATH/Controllers/Submissions.php(238): view('login')
 5 SYSTEMPATH/CodeIgniter.php(927): App\Controllers\Submissions->approved()
 6 SYSTEMPATH/CodeIgniter.php(482): CodeIgniter\CodeIgniter->runController(Object(App\Controllers\Submissions))
 7 SYSTEMPATH/CodeIgniter.php(351): CodeIgniter\CodeIgniter->handleRequest(null, Object(Config\Cache), false)
 8 FCPATH/index.php(67): CodeIgniter\CodeIgniter->run()
CRITICAL - 2022-12-03 18:01:46 --> Call to undefined function form_open()
in APPPATH/Views/login.php on line 35.
 1 SYSTEMPATH/View/View.php(213): include()
 2 SYSTEMPATH/View/View.php(216): CodeIgniter\View\View->CodeIgniter\View\{closure}()
 3 SYSTEMPATH/Common.php(1134): CodeIgniter\View\View->render('login', [], true)
 4 APPPATH/Controllers/Submissions.php(238): view('login')
 5 SYSTEMPATH/CodeIgniter.php(927): App\Controllers\Submissions->approved()
 6 SYSTEMPATH/CodeIgniter.php(482): CodeIgniter\CodeIgniter->runController(Object(App\Controllers\Submissions))
 7 SYSTEMPATH/CodeIgniter.php(351): CodeIgniter\CodeIgniter->handleRequest(null, Object(Config\Cache), false)
 8 FCPATH/index.php(67): CodeIgniter\CodeIgniter->run()
CRITICAL - 2022-12-03 18:22:10 --> Undefined index: description
in APPPATH/Views/export.php on line 103.
 1 APPPATH/Views/export.php(103): CodeIgniter\Debug\Exceptions->errorHandler(8, 'Undefined index: description', 'APPPATH/Views/export.php', 103, [...])
 2 SYSTEMPATH/View/View.php(213): include('APPPATH/Views/export.php')
 3 SYSTEMPATH/View/View.php(216): CodeIgniter\View\View->CodeIgniter\View\{closure}()
 4 SYSTEMPATH/Common.php(1134): CodeIgniter\View\View->render('export', [], true)
 5 APPPATH/Controllers/Exports.php(77): view('export', [...])
 6 SYSTEMPATH/CodeIgniter.php(927): App\Controllers\Exports->index()
 7 SYSTEMPATH/CodeIgniter.php(482): CodeIgniter\CodeIgniter->runController(Object(App\Controllers\Exports))
 8 SYSTEMPATH/CodeIgniter.php(351): CodeIgniter\CodeIgniter->handleRequest(null, Object(Config\Cache), false)
 9 FCPATH/index.php(67): CodeIgniter\CodeIgniter->run()
CRITICAL - 2022-12-03 18:25:47 --> Undefined index: admin
in APPPATH/Views/export.php on line 104.
 1 APPPATH/Views/export.php(104): CodeIgniter\Debug\Exceptions->errorHandler(8, 'Undefined index: admin', 'APPPATH/Views/export.php', 104, [...])
 2 SYSTEMPATH/View/View.php(213): include('APPPATH/Views/export.php')
 3 SYSTEMPATH/View/View.php(216): CodeIgniter\View\View->CodeIgniter\View\{closure}()
 4 SYSTEMPATH/Common.php(1134): CodeIgniter\View\View->render('export', [], true)
 5 APPPATH/Controllers/Exports.php(77): view('export', [...])
 6 SYSTEMPATH/CodeIgniter.php(927): App\Controllers\Exports->index()
 7 SYSTEMPATH/CodeIgniter.php(482): CodeIgniter\CodeIgniter->runController(Object(App\Controllers\Exports))
 8 SYSTEMPATH/CodeIgniter.php(351): CodeIgniter\CodeIgniter->handleRequest(null, Object(Config\Cache), false)
 9 FCPATH/index.php(67): CodeIgniter\CodeIgniter->run()
CRITICAL - 2022-12-03 18:26:23 --> Undefined index: admin
in APPPATH/Views/export.php on line 104.
 1 APPPATH/Views/export.php(104): CodeIgniter\Debug\Exceptions->errorHandler(8, 'Undefined index: admin', 'APPPATH/Views/export.php', 104, [...])
 2 SYSTEMPATH/View/View.php(213): include('APPPATH/Views/export.php')
 3 SYSTEMPATH/View/View.php(216): CodeIgniter\View\View->CodeIgniter\View\{closure}()
 4 SYSTEMPATH/Common.php(1134): CodeIgniter\View\View->render('export', [], true)
 5 APPPATH/Controllers/Exports.php(77): view('export', [...])
 6 SYSTEMPATH/CodeIgniter.php(927): App\Controllers\Exports->index()
 7 SYSTEMPATH/CodeIgniter.php(482): CodeIgniter\CodeIgniter->runController(Object(App\Controllers\Exports))
 8 SYSTEMPATH/CodeIgniter.php(351): CodeIgniter\CodeIgniter->handleRequest(null, Object(Config\Cache), false)
 9 FCPATH/index.php(67): CodeIgniter\CodeIgniter->run()
CRITICAL - 2022-12-03 18:28:24 --> Undefined index: admin
in APPPATH/Views/export.php on line 107.
 1 APPPATH/Views/export.php(107): CodeIgniter\Debug\Exceptions->errorHandler(8, 'Undefined index: admin', 'APPPATH/Views/export.php', 107, [...])
 2 SYSTEMPATH/View/View.php(213): include('APPPATH/Views/export.php')
 3 SYSTEMPATH/View/View.php(216): CodeIgniter\View\View->CodeIgniter\View\{closure}()
 4 SYSTEMPATH/Common.php(1134): CodeIgniter\View\View->render('export', [], true)
 5 APPPATH/Controllers/Exports.php(77): view('export', [...])
 6 SYSTEMPATH/CodeIgniter.php(927): App\Controllers\Exports->index()
 7 SYSTEMPATH/CodeIgniter.php(482): CodeIgniter\CodeIgniter->runController(Object(App\Controllers\Exports))
 8 SYSTEMPATH/CodeIgniter.php(351): CodeIgniter\CodeIgniter->handleRequest(null, Object(Config\Cache), false)
 9 FCPATH/index.php(67): CodeIgniter\CodeIgniter->run()
CRITICAL - 2022-12-03 19:07:08 --> Undefined variable: itemsTotsl
in APPPATH/Views/export.php on line 121.
 1 APPPATH/Views/export.php(121): CodeIgniter\Debug\Exceptions->errorHandler(8, 'Undefined variable: itemsTotsl', 'APPPATH/Views/export.php', 121, [...])
 2 SYSTEMPATH/View/View.php(213): include('APPPATH/Views/export.php')
 3 SYSTEMPATH/View/View.php(216): CodeIgniter\View\View->CodeIgniter\View\{closure}()
 4 SYSTEMPATH/Common.php(1134): CodeIgniter\View\View->render('export', [], true)
 5 APPPATH/Controllers/Exports.php(76): view('export', [...])
 6 SYSTEMPATH/CodeIgniter.php(927): App\Controllers\Exports->index()
 7 SYSTEMPATH/CodeIgniter.php(482): CodeIgniter\CodeIgniter->runController(Object(App\Controllers\Exports))
 8 SYSTEMPATH/CodeIgniter.php(351): CodeIgniter\CodeIgniter->handleRequest(null, Object(Config\Cache), false)
 9 FCPATH/index.php(67): CodeIgniter\CodeIgniter->run()
CRITICAL - 2022-12-03 19:20:53 --> A non well formed numeric value encountered
in APPPATH/Controllers/Exports.php on line 65.
 1 [internal function]: CodeIgniter\Debug\Exceptions->errorHandler(8, 'A non well formed numeric value encountered', 'APPPATH/Controllers/Exports.php', 65, [...])
 2 APPPATH/Controllers/Exports.php(65): date('d F Y, H:i', '2022-11-29 01:08:38')
 3 SYSTEMPATH/CodeIgniter.php(927): App\Controllers\Exports->index()
 4 SYSTEMPATH/CodeIgniter.php(482): CodeIgniter\CodeIgniter->runController(Object(App\Controllers\Exports))
 5 SYSTEMPATH/CodeIgniter.php(351): CodeIgniter\CodeIgniter->handleRequest(null, Object(Config\Cache), false)
 6 FCPATH/index.php(67): CodeIgniter\CodeIgniter->run()
CRITICAL - 2022-12-03 20:15:51 --> Undefined variable: type
in APPPATH/Views/export.php on line 52.
 1 APPPATH/Views/export.php(52): CodeIgniter\Debug\Exceptions->errorHandler(8, 'Undefined variable: type', 'APPPATH/Views/export.php', 52, [...])
 2 SYSTEMPATH/View/View.php(213): include('APPPATH/Views/export.php')
 3 SYSTEMPATH/View/View.php(216): CodeIgniter\View\View->CodeIgniter\View\{closure}()
 4 SYSTEMPATH/Common.php(1134): CodeIgniter\View\View->render('export', [], true)
 5 APPPATH/Controllers/Exports.php(76): view('export', [...])
 6 SYSTEMPATH/CodeIgniter.php(927): App\Controllers\Exports->index()
 7 SYSTEMPATH/CodeIgniter.php(482): CodeIgniter\CodeIgniter->runController(Object(App\Controllers\Exports))
 8 SYSTEMPATH/CodeIgniter.php(351): CodeIgniter\CodeIgniter->handleRequest(null, Object(Config\Cache), false)
 9 FCPATH/index.php(67): CodeIgniter\CodeIgniter->run()
CRITICAL - 2022-12-03 20:18:34 --> Undefined variable: type
in APPPATH/Views/export.php on line 52.
 1 APPPATH/Views/export.php(52): CodeIgniter\Debug\Exceptions->errorHandler(8, 'Undefined variable: type', 'APPPATH/Views/export.php', 52, [...])
 2 SYSTEMPATH/View/View.php(213): include('APPPATH/Views/export.php')
 3 SYSTEMPATH/View/View.php(216): CodeIgniter\View\View->CodeIgniter\View\{closure}()
 4 SYSTEMPATH/Common.php(1134): CodeIgniter\View\View->render('export', [], true)
 5 APPPATH/Controllers/Exports.php(78): view('export', [...])
 6 SYSTEMPATH/CodeIgniter.php(927): App\Controllers\Exports->index()
 7 SYSTEMPATH/CodeIgniter.php(482): CodeIgniter\CodeIgniter->runController(Object(App\Controllers\Exports))
 8 SYSTEMPATH/CodeIgniter.php(351): CodeIgniter\CodeIgniter->handleRequest(null, Object(Config\Cache), false)
 9 FCPATH/index.php(67): CodeIgniter\CodeIgniter->run()
