CRITICAL - 2023-01-07 16:01:24 --> count(): Parameter must be an array or an object that implements Countable
in APPPATH/Views/export_item.php on line 42.
 1 APPPATH/Views/export_item.php(42): CodeIgniter\Debug\Exceptions->errorHandler(2, 'count(): Parameter must be an array or an object that implements Countable', 'APPPATH/Views/export_item.php', 42, [...])
 2 SYSTEMPATH/View/View.php(213): include('APPPATH/Views/export_item.php')
 3 SYSTEMPATH/View/View.php(216): CodeIgniter\View\View->CodeIgniter\View\{closure}()
 4 SYSTEMPATH/Common.php(1134): CodeIgniter\View\View->render('export_item', [], true)
 5 APPPATH/Controllers/Exports.php(339): view('export_item', [...])
 6 SYSTEMPATH/CodeIgniter.php(927): App\Controllers\Exports->item()
 7 SYSTEMPATH/CodeIgniter.php(482): CodeIgniter\CodeIgniter->runController(Object(App\Controllers\Exports))
 8 SYSTEMPATH/CodeIgniter.php(351): CodeIgniter\CodeIgniter->handleRequest(null, Object(Config\Cache), false)
 9 FCPATH/index.php(67): CodeIgniter\CodeIgniter->run()
CRITICAL - 2023-01-07 16:01:30 --> count(): Parameter must be an array or an object that implements Countable
in APPPATH/Views/export_item.php on line 42.
 1 APPPATH/Views/export_item.php(42): CodeIgniter\Debug\Exceptions->errorHandler(2, 'count(): Parameter must be an array or an object that implements Countable', 'APPPATH/Views/export_item.php', 42, [...])
 2 SYSTEMPATH/View/View.php(213): include('APPPATH/Views/export_item.php')
 3 SYSTEMPATH/View/View.php(216): CodeIgniter\View\View->CodeIgniter\View\{closure}()
 4 SYSTEMPATH/Common.php(1134): CodeIgniter\View\View->render('export_item', [], true)
 5 APPPATH/Controllers/Exports.php(339): view('export_item', [...])
 6 SYSTEMPATH/CodeIgniter.php(927): App\Controllers\Exports->item()
 7 SYSTEMPATH/CodeIgniter.php(482): CodeIgniter\CodeIgniter->runController(Object(App\Controllers\Exports))
 8 SYSTEMPATH/CodeIgniter.php(351): CodeIgniter\CodeIgniter->handleRequest(null, Object(Config\Cache), false)
 9 FCPATH/index.php(67): CodeIgniter\CodeIgniter->run()
CRITICAL - 2023-01-07 16:01:57 --> Undefined index: contractNumber
in APPPATH/Views/export_item.php on line 42.
 1 APPPATH/Views/export_item.php(42): CodeIgniter\Debug\Exceptions->errorHandler(8, 'Undefined index: contractNumber', 'APPPATH/Views/export_item.php', 42, [...])
 2 SYSTEMPATH/View/View.php(213): include('APPPATH/Views/export_item.php')
 3 SYSTEMPATH/View/View.php(216): CodeIgniter\View\View->CodeIgniter\View\{closure}()
 4 SYSTEMPATH/Common.php(1134): CodeIgniter\View\View->render('export_item', [], true)
 5 APPPATH/Controllers/Exports.php(339): view('export_item', [...])
 6 SYSTEMPATH/CodeIgniter.php(927): App\Controllers\Exports->item()
 7 SYSTEMPATH/CodeIgniter.php(482): CodeIgniter\CodeIgniter->runController(Object(App\Controllers\Exports))
 8 SYSTEMPATH/CodeIgniter.php(351): CodeIgniter\CodeIgniter->handleRequest(null, Object(Config\Cache), false)
 9 FCPATH/index.php(67): CodeIgniter\CodeIgniter->run()
CRITICAL - 2023-01-07 16:04:03 --> count(): Parameter must be an array or an object that implements Countable
in APPPATH/Views/export_item.php on line 43.
 1 APPPATH/Views/export_item.php(43): CodeIgniter\Debug\Exceptions->errorHandler(2, 'count(): Parameter must be an array or an object that implements Countable', 'APPPATH/Views/export_item.php', 43, [...])
 2 SYSTEMPATH/View/View.php(213): include('APPPATH/Views/export_item.php')
 3 SYSTEMPATH/View/View.php(216): CodeIgniter\View\View->CodeIgniter\View\{closure}()
 4 SYSTEMPATH/Common.php(1134): CodeIgniter\View\View->render('export_item', [], true)
 5 APPPATH/Controllers/Exports.php(339): view('export_item', [...])
 6 SYSTEMPATH/CodeIgniter.php(927): App\Controllers\Exports->item()
 7 SYSTEMPATH/CodeIgniter.php(482): CodeIgniter\CodeIgniter->runController(Object(App\Controllers\Exports))
 8 SYSTEMPATH/CodeIgniter.php(351): CodeIgniter\CodeIgniter->handleRequest(null, Object(Config\Cache), false)
 9 FCPATH/index.php(67): CodeIgniter\CodeIgniter->run()
CRITICAL - 2023-01-07 16:04:05 --> count(): Parameter must be an array or an object that implements Countable
in APPPATH/Views/export_item.php on line 43.
 1 APPPATH/Views/export_item.php(43): CodeIgniter\Debug\Exceptions->errorHandler(2, 'count(): Parameter must be an array or an object that implements Countable', 'APPPATH/Views/export_item.php', 43, [...])
 2 SYSTEMPATH/View/View.php(213): include('APPPATH/Views/export_item.php')
 3 SYSTEMPATH/View/View.php(216): CodeIgniter\View\View->CodeIgniter\View\{closure}()
 4 SYSTEMPATH/Common.php(1134): CodeIgniter\View\View->render('export_item', [], true)
 5 APPPATH/Controllers/Exports.php(339): view('export_item', [...])
 6 SYSTEMPATH/CodeIgniter.php(927): App\Controllers\Exports->item()
 7 SYSTEMPATH/CodeIgniter.php(482): CodeIgniter\CodeIgniter->runController(Object(App\Controllers\Exports))
 8 SYSTEMPATH/CodeIgniter.php(351): CodeIgniter\CodeIgniter->handleRequest(null, Object(Config\Cache), false)
 9 FCPATH/index.php(67): CodeIgniter\CodeIgniter->run()
CRITICAL - 2023-01-07 16:04:48 --> Undefined variable: contractNumber
in APPPATH/Views/export_item.php on line 41.
 1 APPPATH/Views/export_item.php(41): CodeIgniter\Debug\Exceptions->errorHandler(8, 'Undefined variable: contractNumber', 'APPPATH/Views/export_item.php', 41, [...])
 2 SYSTEMPATH/View/View.php(213): include('APPPATH/Views/export_item.php')
 3 SYSTEMPATH/View/View.php(216): CodeIgniter\View\View->CodeIgniter\View\{closure}()
 4 SYSTEMPATH/Common.php(1134): CodeIgniter\View\View->render('export_item', [], true)
 5 APPPATH/Controllers/Exports.php(339): view('export_item', [...])
 6 SYSTEMPATH/CodeIgniter.php(927): App\Controllers\Exports->item()
 7 SYSTEMPATH/CodeIgniter.php(482): CodeIgniter\CodeIgniter->runController(Object(App\Controllers\Exports))
 8 SYSTEMPATH/CodeIgniter.php(351): CodeIgniter\CodeIgniter->handleRequest(null, Object(Config\Cache), false)
 9 FCPATH/index.php(67): CodeIgniter\CodeIgniter->run()
