CRITICAL - 2022-12-04 12:19:58 --> Not Found
in APPPATH/Controllers/Home.php on line 92.
 1 SYSTEMPATH/CodeIgniter.php(927): App\Controllers\Home->view()
 2 SYSTEMPATH/CodeIgniter.php(482): CodeIgniter\CodeIgniter->runController(Object(App\Controllers\Home))
 3 SYSTEMPATH/CodeIgniter.php(351): CodeIgniter\CodeIgniter->handleRequest(null, Object(Config\Cache), false)
 4 FCPATH/index.php(67): CodeIgniter\CodeIgniter->run()
CRITICAL - 2022-12-04 13:21:55 --> finfo_file(/tmp/phpZxtLVh): failed to open stream: No such file or directory
in SYSTEMPATH/Files/File.php on line 114.
 1 [internal function]: CodeIgniter\Debug\Exceptions->errorHandler(2, 'finfo_file(/tmp/phpZxtLVh): failed to open stream: No such file or directory', 'SYSTEMPATH/Files/File.php', 114, [...])
 2 SYSTEMPATH/Files/File.php(114): finfo_file(resource (file_info), '/tmp/phpZxtLVh')
 3 SYSTEMPATH/Validation/FileRules.php(176): CodeIgniter\Files\File->getMimeType()
 4 SYSTEMPATH/Validation/Validation.php(315): CodeIgniter\Validation\FileRules->mime_in(null, [...], [...], null, 'attachment')
 5 SYSTEMPATH/Validation/Validation.php(175): CodeIgniter\Validation\Validation->processRules('attachment', 'attachment', null, [...], [...])
 6 SYSTEMPATH/Controller.php(140): CodeIgniter\Validation\Validation->run()
 7 APPPATH/Controllers/Home.php(165): CodeIgniter\Controller->validate([...])
 8 SYSTEMPATH/CodeIgniter.php(927): App\Controllers\Home->submit()
 9 SYSTEMPATH/CodeIgniter.php(482): CodeIgniter\CodeIgniter->runController(Object(App\Controllers\Home))
10 SYSTEMPATH/CodeIgniter.php(351): CodeIgniter\CodeIgniter->handleRequest(null, Object(Config\Cache), false)
11 FCPATH/index.php(67): CodeIgniter\CodeIgniter->run()
CRITICAL - 2022-12-04 13:22:31 --> finfo_file(/tmp/phpD9M0CV): failed to open stream: No such file or directory
in SYSTEMPATH/Files/File.php on line 114.
 1 [internal function]: CodeIgniter\Debug\Exceptions->errorHandler(2, 'finfo_file(/tmp/phpD9M0CV): failed to open stream: No such file or directory', 'SYSTEMPATH/Files/File.php', 114, [...])
 2 SYSTEMPATH/Files/File.php(114): finfo_file(resource (file_info), '/tmp/phpD9M0CV')
 3 SYSTEMPATH/Validation/FileRules.php(176): CodeIgniter\Files\File->getMimeType()
 4 SYSTEMPATH/Validation/Validation.php(315): CodeIgniter\Validation\FileRules->mime_in(null, [...], [...], null, 'attachment')
 5 SYSTEMPATH/Validation/Validation.php(175): CodeIgniter\Validation\Validation->processRules('attachment', 'attachment', null, [...], [...])
 6 SYSTEMPATH/Controller.php(140): CodeIgniter\Validation\Validation->run()
 7 APPPATH/Controllers/Home.php(165): CodeIgniter\Controller->validate([...])
 8 SYSTEMPATH/CodeIgniter.php(927): App\Controllers\Home->submit()
 9 SYSTEMPATH/CodeIgniter.php(482): CodeIgniter\CodeIgniter->runController(Object(App\Controllers\Home))
10 SYSTEMPATH/CodeIgniter.php(351): CodeIgniter\CodeIgniter->handleRequest(null, Object(Config\Cache), false)
11 FCPATH/index.php(67): CodeIgniter\CodeIgniter->run()
CRITICAL - 2022-12-04 13:24:17 --> Call to a member function listErrors() on null
in APPPATH/Controllers/Home.php on line 164.
 1 SYSTEMPATH/CodeIgniter.php(927): App\Controllers\Home->submit()
 2 SYSTEMPATH/CodeIgniter.php(482): CodeIgniter\CodeIgniter->runController(Object(App\Controllers\Home))
 3 SYSTEMPATH/CodeIgniter.php(351): CodeIgniter\CodeIgniter->handleRequest(null, Object(Config\Cache), false)
 4 FCPATH/index.php(67): CodeIgniter\CodeIgniter->run()
CRITICAL - 2022-12-04 13:25:30 --> finfo_file(/tmp/phpiZSzhu): failed to open stream: No such file or directory
in SYSTEMPATH/Files/File.php on line 114.
 1 [internal function]: CodeIgniter\Debug\Exceptions->errorHandler(2, 'finfo_file(/tmp/phpiZSzhu): failed to open stream: No such file or directory', 'SYSTEMPATH/Files/File.php', 114, [...])
 2 SYSTEMPATH/Files/File.php(114): finfo_file(resource (file_info), '/tmp/phpiZSzhu')
 3 SYSTEMPATH/Validation/FileRules.php(176): CodeIgniter\Files\File->getMimeType()
 4 SYSTEMPATH/Validation/Validation.php(315): CodeIgniter\Validation\FileRules->mime_in(null, [...], [...], null, 'attachment')
 5 SYSTEMPATH/Validation/Validation.php(175): CodeIgniter\Validation\Validation->processRules('attachment', 'attachment', null, [...], [...])
 6 SYSTEMPATH/Controller.php(140): CodeIgniter\Validation\Validation->run()
 7 APPPATH/Controllers/Home.php(165): CodeIgniter\Controller->validate([...])
 8 SYSTEMPATH/CodeIgniter.php(927): App\Controllers\Home->submit()
 9 SYSTEMPATH/CodeIgniter.php(482): CodeIgniter\CodeIgniter->runController(Object(App\Controllers\Home))
10 SYSTEMPATH/CodeIgniter.php(351): CodeIgniter\CodeIgniter->handleRequest(null, Object(Config\Cache), false)
11 FCPATH/index.php(67): CodeIgniter\CodeIgniter->run()
CRITICAL - 2022-12-04 13:26:22 --> finfo_file(/tmp/phpdlfJPg): failed to open stream: No such file or directory
in SYSTEMPATH/Files/File.php on line 114.
 1 [internal function]: CodeIgniter\Debug\Exceptions->errorHandler(2, 'finfo_file(/tmp/phpdlfJPg): failed to open stream: No such file or directory', 'SYSTEMPATH/Files/File.php', 114, [...])
 2 SYSTEMPATH/Files/File.php(114): finfo_file(resource (file_info), '/tmp/phpdlfJPg')
 3 SYSTEMPATH/Validation/FileRules.php(176): CodeIgniter\Files\File->getMimeType()
 4 SYSTEMPATH/Validation/Validation.php(315): CodeIgniter\Validation\FileRules->mime_in(null, [...], [...], null, 'attachment')
 5 SYSTEMPATH/Validation/Validation.php(175): CodeIgniter\Validation\Validation->processRules('attachment', 'attachment', null, [...], [...])
 6 SYSTEMPATH/Controller.php(140): CodeIgniter\Validation\Validation->run()
 7 APPPATH/Controllers/Home.php(165): CodeIgniter\Controller->validate([...])
 8 SYSTEMPATH/CodeIgniter.php(927): App\Controllers\Home->submit()
 9 SYSTEMPATH/CodeIgniter.php(482): CodeIgniter\CodeIgniter->runController(Object(App\Controllers\Home))
10 SYSTEMPATH/CodeIgniter.php(351): CodeIgniter\CodeIgniter->handleRequest(null, Object(Config\Cache), false)
11 FCPATH/index.php(67): CodeIgniter\CodeIgniter->run()
CRITICAL - 2022-12-04 13:29:26 --> finfo_file(/tmp/phpbU51AP): failed to open stream: No such file or directory
in SYSTEMPATH/Files/File.php on line 114.
 1 [internal function]: CodeIgniter\Debug\Exceptions->errorHandler(2, 'finfo_file(/tmp/phpbU51AP): failed to open stream: No such file or directory', 'SYSTEMPATH/Files/File.php', 114, [...])
 2 SYSTEMPATH/Files/File.php(114): finfo_file(resource (file_info), '/tmp/phpbU51AP')
 3 SYSTEMPATH/Validation/FileRules.php(176): CodeIgniter\Files\File->getMimeType()
 4 SYSTEMPATH/Validation/Validation.php(315): CodeIgniter\Validation\FileRules->mime_in(null, [...], [...], null, 'attachment')
 5 SYSTEMPATH/Validation/Validation.php(175): CodeIgniter\Validation\Validation->processRules('attachment', 'attachment', null, [...], [...])
 6 SYSTEMPATH/Controller.php(140): CodeIgniter\Validation\Validation->run()
 7 APPPATH/Controllers/Home.php(165): CodeIgniter\Controller->validate([...])
 8 SYSTEMPATH/CodeIgniter.php(927): App\Controllers\Home->submit()
 9 SYSTEMPATH/CodeIgniter.php(482): CodeIgniter\CodeIgniter->runController(Object(App\Controllers\Home))
10 SYSTEMPATH/CodeIgniter.php(351): CodeIgniter\CodeIgniter->handleRequest(null, Object(Config\Cache), false)
11 FCPATH/index.php(67): CodeIgniter\CodeIgniter->run()
CRITICAL - 2022-12-04 13:32:34 --> finfo_file(/tmp/phpBjp27o): failed to open stream: No such file or directory
in SYSTEMPATH/Files/File.php on line 114.
 1 [internal function]: CodeIgniter\Debug\Exceptions->errorHandler(2, 'finfo_file(/tmp/phpBjp27o): failed to open stream: No such file or directory', 'SYSTEMPATH/Files/File.php', 114, [...])
 2 SYSTEMPATH/Files/File.php(114): finfo_file(resource (file_info), '/tmp/phpBjp27o')
 3 SYSTEMPATH/Validation/FileRules.php(176): CodeIgniter\Files\File->getMimeType()
 4 SYSTEMPATH/Validation/Validation.php(315): CodeIgniter\Validation\FileRules->mime_in(null, [...], [...], null, 'attachment')
 5 SYSTEMPATH/Validation/Validation.php(175): CodeIgniter\Validation\Validation->processRules('attachment', 'attachment', null, [...], [...])
 6 SYSTEMPATH/Controller.php(140): CodeIgniter\Validation\Validation->run()
 7 APPPATH/Controllers/Home.php(165): CodeIgniter\Controller->validate([...])
 8 SYSTEMPATH/CodeIgniter.php(927): App\Controllers\Home->submit()
 9 SYSTEMPATH/CodeIgniter.php(482): CodeIgniter\CodeIgniter->runController(Object(App\Controllers\Home))
10 SYSTEMPATH/CodeIgniter.php(351): CodeIgniter\CodeIgniter->handleRequest(null, Object(Config\Cache), false)
11 FCPATH/index.php(67): CodeIgniter\CodeIgniter->run()
CRITICAL - 2022-12-04 13:39:13 --> finfo_file(/tmp/phpMM9wEz): failed to open stream: No such file or directory
in SYSTEMPATH/Files/File.php on line 114.
 1 [internal function]: CodeIgniter\Debug\Exceptions->errorHandler(2, 'finfo_file(/tmp/phpMM9wEz): failed to open stream: No such file or directory', 'SYSTEMPATH/Files/File.php', 114, [...])
 2 SYSTEMPATH/Files/File.php(114): finfo_file(resource (file_info), '/tmp/phpMM9wEz')
 3 SYSTEMPATH/HTTP/Files/UploadedFile.php(302): CodeIgniter\Files\File->getMimeType()
 4 SYSTEMPATH/Validation/FileRules.php(207): CodeIgniter\HTTP\Files\UploadedFile->guessExtension()
 5 SYSTEMPATH/Validation/Validation.php(315): CodeIgniter\Validation\FileRules->ext_in(null, [...], [...], null, 'attachment')
 6 SYSTEMPATH/Validation/Validation.php(175): CodeIgniter\Validation\Validation->processRules('attachment', 'attachment', null, [...], [...])
 7 SYSTEMPATH/Controller.php(140): CodeIgniter\Validation\Validation->run()
 8 APPPATH/Controllers/Home.php(165): CodeIgniter\Controller->validate([...])
 9 SYSTEMPATH/CodeIgniter.php(927): App\Controllers\Home->submit()
10 SYSTEMPATH/CodeIgniter.php(482): CodeIgniter\CodeIgniter->runController(Object(App\Controllers\Home))
11 SYSTEMPATH/CodeIgniter.php(351): CodeIgniter\CodeIgniter->handleRequest(null, Object(Config\Cache), false)
12 FCPATH/index.php(67): CodeIgniter\CodeIgniter->run()
CRITICAL - 2022-12-04 13:39:50 --> finfo_file(/tmp/phpO4WU5i): failed to open stream: No such file or directory
in SYSTEMPATH/Files/File.php on line 114.
 1 [internal function]: CodeIgniter\Debug\Exceptions->errorHandler(2, 'finfo_file(/tmp/phpO4WU5i): failed to open stream: No such file or directory', 'SYSTEMPATH/Files/File.php', 114, [...])
 2 SYSTEMPATH/Files/File.php(114): finfo_file(resource (file_info), '/tmp/phpO4WU5i')
 3 SYSTEMPATH/HTTP/Files/UploadedFile.php(302): CodeIgniter\Files\File->getMimeType()
 4 SYSTEMPATH/Validation/FileRules.php(207): CodeIgniter\HTTP\Files\UploadedFile->guessExtension()
 5 SYSTEMPATH/Validation/Validation.php(315): CodeIgniter\Validation\FileRules->ext_in(null, [...], [...], null, 'attachment')
 6 SYSTEMPATH/Validation/Validation.php(175): CodeIgniter\Validation\Validation->processRules('attachment', 'attachment', null, [...], [...])
 7 SYSTEMPATH/Controller.php(140): CodeIgniter\Validation\Validation->run()
 8 APPPATH/Controllers/Home.php(165): CodeIgniter\Controller->validate([...])
 9 SYSTEMPATH/CodeIgniter.php(927): App\Controllers\Home->submit()
10 SYSTEMPATH/CodeIgniter.php(482): CodeIgniter\CodeIgniter->runController(Object(App\Controllers\Home))
11 SYSTEMPATH/CodeIgniter.php(351): CodeIgniter\CodeIgniter->handleRequest(null, Object(Config\Cache), false)
12 FCPATH/index.php(67): CodeIgniter\CodeIgniter->run()
CRITICAL - 2022-12-04 13:41:05 --> finfo_file(/tmp/phpMt7Wcj): failed to open stream: No such file or directory
in SYSTEMPATH/Files/File.php on line 114.
 1 [internal function]: CodeIgniter\Debug\Exceptions->errorHandler(2, 'finfo_file(/tmp/phpMt7Wcj): failed to open stream: No such file or directory', 'SYSTEMPATH/Files/File.php', 114, [...])
 2 SYSTEMPATH/Files/File.php(114): finfo_file(resource (file_info), '/tmp/phpMt7Wcj')
 3 SYSTEMPATH/HTTP/Files/UploadedFile.php(302): CodeIgniter\Files\File->getMimeType()
 4 SYSTEMPATH/Validation/FileRules.php(207): CodeIgniter\HTTP\Files\UploadedFile->guessExtension()
 5 SYSTEMPATH/Validation/Validation.php(315): CodeIgniter\Validation\FileRules->ext_in(null, [...], [...], null, 'attachment')
 6 SYSTEMPATH/Validation/Validation.php(175): CodeIgniter\Validation\Validation->processRules('attachment', 'attachment', null, [...], [...])
 7 SYSTEMPATH/Controller.php(140): CodeIgniter\Validation\Validation->run()
 8 APPPATH/Controllers/Home.php(165): CodeIgniter\Controller->validate([...])
 9 SYSTEMPATH/CodeIgniter.php(927): App\Controllers\Home->submit()
10 SYSTEMPATH/CodeIgniter.php(482): CodeIgniter\CodeIgniter->runController(Object(App\Controllers\Home))
11 SYSTEMPATH/CodeIgniter.php(351): CodeIgniter\CodeIgniter->handleRequest(null, Object(Config\Cache), false)
12 FCPATH/index.php(67): CodeIgniter\CodeIgniter->run()
CRITICAL - 2022-12-04 13:44:49 --> finfo_file(/tmp/phpcgG3Hg): failed to open stream: No such file or directory
in SYSTEMPATH/Files/File.php on line 114.
 1 [internal function]: CodeIgniter\Debug\Exceptions->errorHandler(2, 'finfo_file(/tmp/phpcgG3Hg): failed to open stream: No such file or directory', 'SYSTEMPATH/Files/File.php', 114, [...])
 2 SYSTEMPATH/Files/File.php(114): finfo_file(resource (file_info), '/tmp/phpcgG3Hg')
 3 SYSTEMPATH/HTTP/Files/UploadedFile.php(302): CodeIgniter\Files\File->getMimeType()
 4 SYSTEMPATH/Validation/FileRules.php(207): CodeIgniter\HTTP\Files\UploadedFile->guessExtension()
 5 SYSTEMPATH/Validation/Validation.php(315): CodeIgniter\Validation\FileRules->ext_in(null, [...], [...], null, 'attachment')
 6 SYSTEMPATH/Validation/Validation.php(175): CodeIgniter\Validation\Validation->processRules('attachment', 'attachment', null, [...], [...])
 7 SYSTEMPATH/Controller.php(140): CodeIgniter\Validation\Validation->run()
 8 APPPATH/Controllers/Home.php(165): CodeIgniter\Controller->validate([...])
 9 SYSTEMPATH/CodeIgniter.php(927): App\Controllers\Home->submit()
10 SYSTEMPATH/CodeIgniter.php(482): CodeIgniter\CodeIgniter->runController(Object(App\Controllers\Home))
11 SYSTEMPATH/CodeIgniter.php(351): CodeIgniter\CodeIgniter->handleRequest(null, Object(Config\Cache), false)
12 FCPATH/index.php(67): CodeIgniter\CodeIgniter->run()
CRITICAL - 2022-12-04 13:49:25 --> finfo_file(/tmp/phpCbO0vS): failed to open stream: No such file or directory
in SYSTEMPATH/Files/File.php on line 114.
 1 [internal function]: CodeIgniter\Debug\Exceptions->errorHandler(2, 'finfo_file(/tmp/phpCbO0vS): failed to open stream: No such file or directory', 'SYSTEMPATH/Files/File.php', 114, [...])
 2 SYSTEMPATH/Files/File.php(114): finfo_file(resource (file_info), '/tmp/phpCbO0vS')
 3 SYSTEMPATH/HTTP/Files/UploadedFile.php(302): CodeIgniter\Files\File->getMimeType()
 4 SYSTEMPATH/Validation/FileRules.php(207): CodeIgniter\HTTP\Files\UploadedFile->guessExtension()
 5 SYSTEMPATH/Validation/Validation.php(315): CodeIgniter\Validation\FileRules->ext_in(null, [...], [...], null, 'attachment')
 6 SYSTEMPATH/Validation/Validation.php(175): CodeIgniter\Validation\Validation->processRules('attachment', 'attachment', null, [...], [...])
 7 SYSTEMPATH/Controller.php(140): CodeIgniter\Validation\Validation->run()
 8 APPPATH/Controllers/Home.php(165): CodeIgniter\Controller->validate([...])
 9 SYSTEMPATH/CodeIgniter.php(927): App\Controllers\Home->submit()
10 SYSTEMPATH/CodeIgniter.php(482): CodeIgniter\CodeIgniter->runController(Object(App\Controllers\Home))
11 SYSTEMPATH/CodeIgniter.php(351): CodeIgniter\CodeIgniter->handleRequest(null, Object(Config\Cache), false)
12 FCPATH/index.php(67): CodeIgniter\CodeIgniter->run()
CRITICAL - 2022-12-04 13:49:38 --> finfo_file(/tmp/php4sHUod): failed to open stream: No such file or directory
in SYSTEMPATH/Files/File.php on line 114.
 1 [internal function]: CodeIgniter\Debug\Exceptions->errorHandler(2, 'finfo_file(/tmp/php4sHUod): failed to open stream: No such file or directory', 'SYSTEMPATH/Files/File.php', 114, [...])
 2 SYSTEMPATH/Files/File.php(114): finfo_file(resource (file_info), '/tmp/php4sHUod')
 3 SYSTEMPATH/HTTP/Files/UploadedFile.php(302): CodeIgniter\Files\File->getMimeType()
 4 SYSTEMPATH/Validation/FileRules.php(207): CodeIgniter\HTTP\Files\UploadedFile->guessExtension()
 5 SYSTEMPATH/Validation/Validation.php(315): CodeIgniter\Validation\FileRules->ext_in(null, [...], [...], null, 'attachment')
 6 SYSTEMPATH/Validation/Validation.php(175): CodeIgniter\Validation\Validation->processRules('attachment', 'attachment', null, [...], [...])
 7 SYSTEMPATH/Controller.php(140): CodeIgniter\Validation\Validation->run()
 8 APPPATH/Controllers/Home.php(165): CodeIgniter\Controller->validate([...])
 9 SYSTEMPATH/CodeIgniter.php(927): App\Controllers\Home->submit()
10 SYSTEMPATH/CodeIgniter.php(482): CodeIgniter\CodeIgniter->runController(Object(App\Controllers\Home))
11 SYSTEMPATH/CodeIgniter.php(351): CodeIgniter\CodeIgniter->handleRequest(null, Object(Config\Cache), false)
12 FCPATH/index.php(67): CodeIgniter\CodeIgniter->run()
CRITICAL - 2022-12-04 13:51:35 --> finfo_file(/tmp/phppPhpPm): failed to open stream: No such file or directory
in SYSTEMPATH/Files/File.php on line 114.
 1 [internal function]: CodeIgniter\Debug\Exceptions->errorHandler(2, 'finfo_file(/tmp/phppPhpPm): failed to open stream: No such file or directory', 'SYSTEMPATH/Files/File.php', 114, [...])
 2 SYSTEMPATH/Files/File.php(114): finfo_file(resource (file_info), '/tmp/phppPhpPm')
 3 SYSTEMPATH/HTTP/Files/UploadedFile.php(302): CodeIgniter\Files\File->getMimeType()
 4 SYSTEMPATH/Validation/FileRules.php(207): CodeIgniter\HTTP\Files\UploadedFile->guessExtension()
 5 SYSTEMPATH/Validation/Validation.php(315): CodeIgniter\Validation\FileRules->ext_in(null, [...], [...], null, 'attachment')
 6 SYSTEMPATH/Validation/Validation.php(175): CodeIgniter\Validation\Validation->processRules('attachment', 'attachment', null, [...], [...])
 7 SYSTEMPATH/Controller.php(140): CodeIgniter\Validation\Validation->run()
 8 APPPATH/Controllers/Home.php(165): CodeIgniter\Controller->validate([...])
 9 SYSTEMPATH/CodeIgniter.php(927): App\Controllers\Home->submit()
10 SYSTEMPATH/CodeIgniter.php(482): CodeIgniter\CodeIgniter->runController(Object(App\Controllers\Home))
11 SYSTEMPATH/CodeIgniter.php(351): CodeIgniter\CodeIgniter->handleRequest(null, Object(Config\Cache), false)
12 FCPATH/index.php(67): CodeIgniter\CodeIgniter->run()
