CRITICAL - 2022-11-18 11:21:05 --> Invalid file: upload_form.php
in SYSTEMPATH/Exceptions/FrameworkException.php on line 33.
 1 SYSTEMPATH/View/View.php(201): CodeIgniter\Exceptions\FrameworkException::forInvalidFile('upload_form.php')
 2 SYSTEMPATH/Common.php(1134): CodeIgniter\View\View->render('upload_form', [], true)
 3 APPPATH/Controllers/Home.php(47): view('upload_form', [...])
 4 SYSTEMPATH/CodeIgniter.php(927): App\Controllers\Home->submit()
 5 SYSTEMPATH/CodeIgniter.php(482): CodeIgniter\CodeIgniter->runController(Object(App\Controllers\Home))
 6 SYSTEMPATH/CodeIgniter.php(351): CodeIgniter\CodeIgniter->handleRequest(null, Object(Config\Cache), false)
 7 FCPATH/index.php(67): CodeIgniter\CodeIgniter->run()
CRITICAL - 2022-11-18 11:54:04 --> Call to a member function store() on string
in APPPATH/Controllers/Home.php on line 39.
 1 SYSTEMPATH/CodeIgniter.php(927): App\Controllers\Home->submit()
 2 SYSTEMPATH/CodeIgniter.php(482): CodeIgniter\CodeIgniter->runController(Object(App\Controllers\Home))
 3 SYSTEMPATH/CodeIgniter.php(351): CodeIgniter\CodeIgniter->handleRequest(null, Object(Config\Cache), false)
 4 FCPATH/index.php(67): CodeIgniter\CodeIgniter->run()
CRITICAL - 2022-11-18 11:54:25 --> Call to a member function store() on string
in APPPATH/Controllers/Home.php on line 39.
 1 SYSTEMPATH/CodeIgniter.php(927): App\Controllers\Home->submit()
 2 SYSTEMPATH/CodeIgniter.php(482): CodeIgniter\CodeIgniter->runController(Object(App\Controllers\Home))
 3 SYSTEMPATH/CodeIgniter.php(351): CodeIgniter\CodeIgniter->handleRequest(null, Object(Config\Cache), false)
 4 FCPATH/index.php(67): CodeIgniter\CodeIgniter->run()
CRITICAL - 2022-11-18 11:59:52 --> Call to undefined function form_open_multipart()
in APPPATH/Views/form.php on line 27.
 1 SYSTEMPATH/View/View.php(213): include()
 2 SYSTEMPATH/View/View.php(216): CodeIgniter\View\View->CodeIgniter\View\{closure}()
 3 SYSTEMPATH/Common.php(1134): CodeIgniter\View\View->render('form', [], true)
 4 APPPATH/Controllers/Home.php(13): view('form')
 5 SYSTEMPATH/CodeIgniter.php(927): App\Controllers\Home->index()
 6 SYSTEMPATH/CodeIgniter.php(482): CodeIgniter\CodeIgniter->runController(Object(App\Controllers\Home))
 7 SYSTEMPATH/CodeIgniter.php(351): CodeIgniter\CodeIgniter->handleRequest(null, Object(Config\Cache), false)
 8 FCPATH/index.php(67): CodeIgniter\CodeIgniter->run()
CRITICAL - 2022-11-18 11:59:54 --> Call to undefined function form_open_multipart()
in APPPATH/Views/form.php on line 27.
 1 SYSTEMPATH/View/View.php(213): include()
 2 SYSTEMPATH/View/View.php(216): CodeIgniter\View\View->CodeIgniter\View\{closure}()
 3 SYSTEMPATH/Common.php(1134): CodeIgniter\View\View->render('form', [], true)
 4 APPPATH/Controllers/Home.php(13): view('form')
 5 SYSTEMPATH/CodeIgniter.php(927): App\Controllers\Home->index()
 6 SYSTEMPATH/CodeIgniter.php(482): CodeIgniter\CodeIgniter->runController(Object(App\Controllers\Home))
 7 SYSTEMPATH/CodeIgniter.php(351): CodeIgniter\CodeIgniter->handleRequest(null, Object(Config\Cache), false)
 8 FCPATH/index.php(67): CodeIgniter\CodeIgniter->run()
CRITICAL - 2022-11-18 11:59:55 --> Call to undefined function form_open_multipart()
in APPPATH/Views/form.php on line 27.
 1 SYSTEMPATH/View/View.php(213): include()
 2 SYSTEMPATH/View/View.php(216): CodeIgniter\View\View->CodeIgniter\View\{closure}()
 3 SYSTEMPATH/Common.php(1134): CodeIgniter\View\View->render('form', [], true)
 4 APPPATH/Controllers/Home.php(13): view('form')
 5 SYSTEMPATH/CodeIgniter.php(927): App\Controllers\Home->index()
 6 SYSTEMPATH/CodeIgniter.php(482): CodeIgniter\CodeIgniter->runController(Object(App\Controllers\Home))
 7 SYSTEMPATH/CodeIgniter.php(351): CodeIgniter\CodeIgniter->handleRequest(null, Object(Config\Cache), false)
 8 FCPATH/index.php(67): CodeIgniter\CodeIgniter->run()
CRITICAL - 2022-11-18 11:59:58 --> Call to undefined function form_open_multipart()
in APPPATH/Views/form.php on line 27.
 1 SYSTEMPATH/View/View.php(213): include()
 2 SYSTEMPATH/View/View.php(216): CodeIgniter\View\View->CodeIgniter\View\{closure}()
 3 SYSTEMPATH/Common.php(1134): CodeIgniter\View\View->render('form', [], true)
 4 APPPATH/Controllers/Home.php(13): view('form')
 5 SYSTEMPATH/CodeIgniter.php(927): App\Controllers\Home->index()
 6 SYSTEMPATH/CodeIgniter.php(482): CodeIgniter\CodeIgniter->runController(Object(App\Controllers\Home))
 7 SYSTEMPATH/CodeIgniter.php(351): CodeIgniter\CodeIgniter->handleRequest(null, Object(Config\Cache), false)
 8 FCPATH/index.php(67): CodeIgniter\CodeIgniter->run()
CRITICAL - 2022-11-18 12:00:49 --> Call to undefined function form_open_multipart()
in APPPATH/Views/form.php on line 27.
 1 SYSTEMPATH/View/View.php(213): include()
 2 SYSTEMPATH/View/View.php(216): CodeIgniter\View\View->CodeIgniter\View\{closure}()
 3 SYSTEMPATH/Common.php(1134): CodeIgniter\View\View->render('form', [], true)
 4 APPPATH/Controllers/Home.php(13): view('form')
 5 SYSTEMPATH/CodeIgniter.php(927): App\Controllers\Home->index()
 6 SYSTEMPATH/CodeIgniter.php(482): CodeIgniter\CodeIgniter->runController(Object(App\Controllers\Home))
 7 SYSTEMPATH/CodeIgniter.php(351): CodeIgniter\CodeIgniter->handleRequest(null, Object(Config\Cache), false)
 8 FCPATH/index.php(67): CodeIgniter\CodeIgniter->run()
CRITICAL - 2022-11-18 12:01:21 --> Call to undefined function form_open_multipart()
in APPPATH/Views/form.php on line 27.
 1 SYSTEMPATH/View/View.php(213): include()
 2 SYSTEMPATH/View/View.php(216): CodeIgniter\View\View->CodeIgniter\View\{closure}()
 3 SYSTEMPATH/Common.php(1134): CodeIgniter\View\View->render('form', [], true)
 4 APPPATH/Controllers/Home.php(13): view('form')
 5 SYSTEMPATH/CodeIgniter.php(927): App\Controllers\Home->index()
 6 SYSTEMPATH/CodeIgniter.php(482): CodeIgniter\CodeIgniter->runController(Object(App\Controllers\Home))
 7 SYSTEMPATH/CodeIgniter.php(351): CodeIgniter\CodeIgniter->handleRequest(null, Object(Config\Cache), false)
 8 FCPATH/index.php(67): CodeIgniter\CodeIgniter->run()
CRITICAL - 2022-11-18 12:44:28 --> Use of undefined constant length - assumed 'length' (this will throw an Error in a future version of PHP)
in APPPATH/Controllers/Home.php on line 40.
 1 APPPATH/Controllers/Home.php(40): CodeIgniter\Debug\Exceptions->errorHandler(2, 'Use of undefined constant length - assumed \'length\' (this will throw an Error in a future version of PHP)', 'APPPATH/Controllers/Home.php', 40, [...])
 2 SYSTEMPATH/CodeIgniter.php(927): App\Controllers\Home->submit()
 3 SYSTEMPATH/CodeIgniter.php(482): CodeIgniter\CodeIgniter->runController(Object(App\Controllers\Home))
 4 SYSTEMPATH/CodeIgniter.php(351): CodeIgniter\CodeIgniter->handleRequest(null, Object(Config\Cache), false)
 5 FCPATH/index.php(67): CodeIgniter\CodeIgniter->run()
CRITICAL - 2022-11-18 12:45:56 --> Undefined variable: i
in APPPATH/Controllers/Home.php on line 52.
 1 APPPATH/Controllers/Home.php(52): CodeIgniter\Debug\Exceptions->errorHandler(8, 'Undefined variable: i', 'APPPATH/Controllers/Home.php', 52, [...])
 2 SYSTEMPATH/CodeIgniter.php(927): App\Controllers\Home->submit()
 3 SYSTEMPATH/CodeIgniter.php(482): CodeIgniter\CodeIgniter->runController(Object(App\Controllers\Home))
 4 SYSTEMPATH/CodeIgniter.php(351): CodeIgniter\CodeIgniter->handleRequest(null, Object(Config\Cache), false)
 5 FCPATH/index.php(67): CodeIgniter\CodeIgniter->run()
CRITICAL - 2022-11-18 12:46:16 --> Undefined variable: validation
in APPPATH/Controllers/Home.php on line 91.
 1 APPPATH/Controllers/Home.php(91): CodeIgniter\Debug\Exceptions->errorHandler(8, 'Undefined variable: validation', 'APPPATH/Controllers/Home.php', 91, [...])
 2 SYSTEMPATH/CodeIgniter.php(927): App\Controllers\Home->submit()
 3 SYSTEMPATH/CodeIgniter.php(482): CodeIgniter\CodeIgniter->runController(Object(App\Controllers\Home))
 4 SYSTEMPATH/CodeIgniter.php(351): CodeIgniter\CodeIgniter->handleRequest(null, Object(Config\Cache), false)
 5 FCPATH/index.php(67): CodeIgniter\CodeIgniter->run()
CRITICAL - 2022-11-18 12:52:44 --> Undefined variable: data
in APPPATH/Views/form_output.php on line 27.
 1 APPPATH/Views/form_output.php(27): CodeIgniter\Debug\Exceptions->errorHandler(8, 'Undefined variable: data', 'APPPATH/Views/form_output.php', 27, [...])
 2 SYSTEMPATH/View/View.php(213): include('APPPATH/Views/form_output.php')
 3 SYSTEMPATH/View/View.php(216): CodeIgniter\View\View->CodeIgniter\View\{closure}()
 4 SYSTEMPATH/Common.php(1134): CodeIgniter\View\View->render('form_output', [], true)
 5 APPPATH/Controllers/Home.php(91): view('form_output', [...])
 6 SYSTEMPATH/CodeIgniter.php(927): App\Controllers\Home->submit()
 7 SYSTEMPATH/CodeIgniter.php(482): CodeIgniter\CodeIgniter->runController(Object(App\Controllers\Home))
 8 SYSTEMPATH/CodeIgniter.php(351): CodeIgniter\CodeIgniter->handleRequest(null, Object(Config\Cache), false)
 9 FCPATH/index.php(67): CodeIgniter\CodeIgniter->run()
CRITICAL - 2022-11-18 12:59:21 --> syntax error, unexpected '?>', expecting variable (T_VARIABLE) or '{' or '$'
in APPPATH/Views/form_output.php on line 129.
 1 SYSTEMPATH/View/View.php(216): CodeIgniter\View\View->CodeIgniter\View\{closure}()
 2 SYSTEMPATH/Common.php(1134): CodeIgniter\View\View->render('form_output', [], true)
 3 APPPATH/Controllers/Home.php(91): view('form_output', [...])
 4 SYSTEMPATH/CodeIgniter.php(927): App\Controllers\Home->submit()
 5 SYSTEMPATH/CodeIgniter.php(482): CodeIgniter\CodeIgniter->runController(Object(App\Controllers\Home))
 6 SYSTEMPATH/CodeIgniter.php(351): CodeIgniter\CodeIgniter->handleRequest(null, Object(Config\Cache), false)
 7 FCPATH/index.php(67): CodeIgniter\CodeIgniter->run()
CRITICAL - 2022-11-18 12:59:36 --> Trying to get property 'proofNumber' of non-object
in APPPATH/Views/form_output.php on line 46.
 1 APPPATH/Views/form_output.php(46): CodeIgniter\Debug\Exceptions->errorHandler(8, 'Trying to get property \'proofNumber\' of non-object', 'APPPATH/Views/form_output.php', 46, [...])
 2 SYSTEMPATH/View/View.php(213): include('APPPATH/Views/form_output.php')
 3 SYSTEMPATH/View/View.php(216): CodeIgniter\View\View->CodeIgniter\View\{closure}()
 4 SYSTEMPATH/Common.php(1134): CodeIgniter\View\View->render('form_output', [], true)
 5 APPPATH/Controllers/Home.php(91): view('form_output', [...])
 6 SYSTEMPATH/CodeIgniter.php(927): App\Controllers\Home->submit()
 7 SYSTEMPATH/CodeIgniter.php(482): CodeIgniter\CodeIgniter->runController(Object(App\Controllers\Home))
 8 SYSTEMPATH/CodeIgniter.php(351): CodeIgniter\CodeIgniter->handleRequest(null, Object(Config\Cache), false)
 9 FCPATH/index.php(67): CodeIgniter\CodeIgniter->run()
CRITICAL - 2022-11-18 13:04:02 --> Undefined variable: proofNumber
in APPPATH/Views/form_output.php on line 46.
 1 APPPATH/Views/form_output.php(46): CodeIgniter\Debug\Exceptions->errorHandler(8, 'Undefined variable: proofNumber', 'APPPATH/Views/form_output.php', 46, [...])
 2 SYSTEMPATH/View/View.php(213): include('APPPATH/Views/form_output.php')
 3 SYSTEMPATH/View/View.php(216): CodeIgniter\View\View->CodeIgniter\View\{closure}()
 4 SYSTEMPATH/Common.php(1134): CodeIgniter\View\View->render('form_output', [], true)
 5 APPPATH/Controllers/Home.php(91): view('form_output', [...])
 6 SYSTEMPATH/CodeIgniter.php(927): App\Controllers\Home->submit()
 7 SYSTEMPATH/CodeIgniter.php(482): CodeIgniter\CodeIgniter->runController(Object(App\Controllers\Home))
 8 SYSTEMPATH/CodeIgniter.php(351): CodeIgniter\CodeIgniter->handleRequest(null, Object(Config\Cache), false)
 9 FCPATH/index.php(67): CodeIgniter\CodeIgniter->run()
CRITICAL - 2022-11-18 13:04:18 --> Trying to get property 'proofNumber' of non-object
in APPPATH/Views/form_output.php on line 53.
 1 APPPATH/Views/form_output.php(53): CodeIgniter\Debug\Exceptions->errorHandler(8, 'Trying to get property \'proofNumber\' of non-object', 'APPPATH/Views/form_output.php', 53, [...])
 2 SYSTEMPATH/View/View.php(213): include('APPPATH/Views/form_output.php')
 3 SYSTEMPATH/View/View.php(216): CodeIgniter\View\View->CodeIgniter\View\{closure}()
 4 SYSTEMPATH/Common.php(1134): CodeIgniter\View\View->render('form_output', [], true)
 5 APPPATH/Controllers/Home.php(91): view('form_output', [...])
 6 SYSTEMPATH/CodeIgniter.php(927): App\Controllers\Home->submit()
 7 SYSTEMPATH/CodeIgniter.php(482): CodeIgniter\CodeIgniter->runController(Object(App\Controllers\Home))
 8 SYSTEMPATH/CodeIgniter.php(351): CodeIgniter\CodeIgniter->handleRequest(null, Object(Config\Cache), false)
 9 FCPATH/index.php(67): CodeIgniter\CodeIgniter->run()
CRITICAL - 2022-11-18 13:10:05 --> Undefined variable: item
in APPPATH/Views/form_output.php on line 106.
 1 APPPATH/Views/form_output.php(106): CodeIgniter\Debug\Exceptions->errorHandler(8, 'Undefined variable: item', 'APPPATH/Views/form_output.php', 106, [...])
 2 SYSTEMPATH/View/View.php(213): include('APPPATH/Views/form_output.php')
 3 SYSTEMPATH/View/View.php(216): CodeIgniter\View\View->CodeIgniter\View\{closure}()
 4 SYSTEMPATH/Common.php(1134): CodeIgniter\View\View->render('form_output', [], true)
 5 APPPATH/Controllers/Home.php(91): view('form_output', [...])
 6 SYSTEMPATH/CodeIgniter.php(927): App\Controllers\Home->submit()
 7 SYSTEMPATH/CodeIgniter.php(482): CodeIgniter\CodeIgniter->runController(Object(App\Controllers\Home))
 8 SYSTEMPATH/CodeIgniter.php(351): CodeIgniter\CodeIgniter->handleRequest(null, Object(Config\Cache), false)
 9 FCPATH/index.php(67): CodeIgniter\CodeIgniter->run()
CRITICAL - 2022-11-18 13:10:33 --> Undefined variable: Item
in APPPATH/Views/form_output.php on line 109.
 1 APPPATH/Views/form_output.php(109): CodeIgniter\Debug\Exceptions->errorHandler(8, 'Undefined variable: Item', 'APPPATH/Views/form_output.php', 109, [...])
 2 SYSTEMPATH/View/View.php(213): include('APPPATH/Views/form_output.php')
 3 SYSTEMPATH/View/View.php(216): CodeIgniter\View\View->CodeIgniter\View\{closure}()
 4 SYSTEMPATH/Common.php(1134): CodeIgniter\View\View->render('form_output', [], true)
 5 APPPATH/Controllers/Home.php(91): view('form_output', [...])
 6 SYSTEMPATH/CodeIgniter.php(927): App\Controllers\Home->submit()
 7 SYSTEMPATH/CodeIgniter.php(482): CodeIgniter\CodeIgniter->runController(Object(App\Controllers\Home))
 8 SYSTEMPATH/CodeIgniter.php(351): CodeIgniter\CodeIgniter->handleRequest(null, Object(Config\Cache), false)
 9 FCPATH/index.php(67): CodeIgniter\CodeIgniter->run()
CRITICAL - 2022-11-18 13:10:46 --> Undefined variable: Item
in APPPATH/Views/form_output.php on line 109.
 1 APPPATH/Views/form_output.php(109): CodeIgniter\Debug\Exceptions->errorHandler(8, 'Undefined variable: Item', 'APPPATH/Views/form_output.php', 109, [...])
 2 SYSTEMPATH/View/View.php(213): include('APPPATH/Views/form_output.php')
 3 SYSTEMPATH/View/View.php(216): CodeIgniter\View\View->CodeIgniter\View\{closure}()
 4 SYSTEMPATH/Common.php(1134): CodeIgniter\View\View->render('form_output', [], true)
 5 APPPATH/Controllers/Home.php(91): view('form_output', [...])
 6 SYSTEMPATH/CodeIgniter.php(927): App\Controllers\Home->submit()
 7 SYSTEMPATH/CodeIgniter.php(482): CodeIgniter\CodeIgniter->runController(Object(App\Controllers\Home))
 8 SYSTEMPATH/CodeIgniter.php(351): CodeIgniter\CodeIgniter->handleRequest(null, Object(Config\Cache), false)
 9 FCPATH/index.php(67): CodeIgniter\CodeIgniter->run()
CRITICAL - 2022-11-18 13:13:04 --> Undefined variable: item
in APPPATH/Views/form_output.php on line 109.
 1 APPPATH/Views/form_output.php(109): CodeIgniter\Debug\Exceptions->errorHandler(8, 'Undefined variable: item', 'APPPATH/Views/form_output.php', 109, [...])
 2 SYSTEMPATH/View/View.php(213): include('APPPATH/Views/form_output.php')
 3 SYSTEMPATH/View/View.php(216): CodeIgniter\View\View->CodeIgniter\View\{closure}()
 4 SYSTEMPATH/Common.php(1134): CodeIgniter\View\View->render('form_output', [], true)
 5 APPPATH/Controllers/Home.php(91): view('form_output', [...])
 6 SYSTEMPATH/CodeIgniter.php(927): App\Controllers\Home->submit()
 7 SYSTEMPATH/CodeIgniter.php(482): CodeIgniter\CodeIgniter->runController(Object(App\Controllers\Home))
 8 SYSTEMPATH/CodeIgniter.php(351): CodeIgniter\CodeIgniter->handleRequest(null, Object(Config\Cache), false)
 9 FCPATH/index.php(67): CodeIgniter\CodeIgniter->run()
CRITICAL - 2022-11-18 13:13:36 --> Undefined variable: item
in APPPATH/Views/form_output.php on line 109.
 1 APPPATH/Views/form_output.php(109): CodeIgniter\Debug\Exceptions->errorHandler(8, 'Undefined variable: item', 'APPPATH/Views/form_output.php', 109, [...])
 2 SYSTEMPATH/View/View.php(213): include('APPPATH/Views/form_output.php')
 3 SYSTEMPATH/View/View.php(216): CodeIgniter\View\View->CodeIgniter\View\{closure}()
 4 SYSTEMPATH/Common.php(1134): CodeIgniter\View\View->render('form_output', [], true)
 5 APPPATH/Controllers/Home.php(91): view('form_output', [...])
 6 SYSTEMPATH/CodeIgniter.php(927): App\Controllers\Home->submit()
 7 SYSTEMPATH/CodeIgniter.php(482): CodeIgniter\CodeIgniter->runController(Object(App\Controllers\Home))
 8 SYSTEMPATH/CodeIgniter.php(351): CodeIgniter\CodeIgniter->handleRequest(null, Object(Config\Cache), false)
 9 FCPATH/index.php(67): CodeIgniter\CodeIgniter->run()
CRITICAL - 2022-11-18 13:13:40 --> Undefined variable: item
in APPPATH/Views/form_output.php on line 109.
 1 APPPATH/Views/form_output.php(109): CodeIgniter\Debug\Exceptions->errorHandler(8, 'Undefined variable: item', 'APPPATH/Views/form_output.php', 109, [...])
 2 SYSTEMPATH/View/View.php(213): include('APPPATH/Views/form_output.php')
 3 SYSTEMPATH/View/View.php(216): CodeIgniter\View\View->CodeIgniter\View\{closure}()
 4 SYSTEMPATH/Common.php(1134): CodeIgniter\View\View->render('form_output', [], true)
 5 APPPATH/Controllers/Home.php(91): view('form_output', [...])
 6 SYSTEMPATH/CodeIgniter.php(927): App\Controllers\Home->submit()
 7 SYSTEMPATH/CodeIgniter.php(482): CodeIgniter\CodeIgniter->runController(Object(App\Controllers\Home))
 8 SYSTEMPATH/CodeIgniter.php(351): CodeIgniter\CodeIgniter->handleRequest(null, Object(Config\Cache), false)
 9 FCPATH/index.php(67): CodeIgniter\CodeIgniter->run()
