CRITICAL - 2023-01-04 00:56:33 --> Not Found
in APPPATH/Controllers/Home.php on line 274.
 1 SYSTEMPATH/CodeIgniter.php(927): App\Controllers\Home->view()
 2 SYSTEMPATH/CodeIgniter.php(482): CodeIgniter\CodeIgniter->runController(Object(App\Controllers\Home))
 3 SYSTEMPATH/CodeIgniter.php(351): CodeIgniter\CodeIgniter->handleRequest(null, Object(Config\Cache), false)
 4 FCPATH/index.php(67): CodeIgniter\CodeIgniter->run()
ERROR - 2023-01-04 13:32:33 --> mysqli_sql_exception: Illegal mix of collations (latin1_swedish_ci,IMPLICIT) and (utf8_general_ci,COERCIBLE) for operation '=' in /home/u1606672/public_html/form/system/Database/MySQLi/Connection.php:292
Stack trace:
#0 /home/u1606672/public_html/form/system/Database/MySQLi/Connection.php(292): mysqli->query('SELECT name, si...', 0)
#1 /home/u1606672/public_html/form/system/Database/BaseConnection.php(666): CodeIgniter\Database\MySQLi\Connection->execute('SELECT name, si...')
#2 /home/u1606672/public_html/form/system/Database/BaseConnection.php(593): CodeIgniter\Database\BaseConnection->simpleQuery('SELECT name, si...')
#3 /home/u1606672/public_html/form/app/Controllers/Home.php(421): CodeIgniter\Database\BaseConnection->query('SELECT name, si...')
#4 /home/u1606672/public_html/form/system/CodeIgniter.php(927): App\Controllers\Home->approve()
#5 /home/u1606672/public_html/form/system/CodeIgniter.php(482): CodeIgniter\CodeIgniter->runController(Object(App\Controllers\Home))
#6 /home/u1606672/public_html/form/system/CodeIgniter.php(351): CodeIgniter\CodeIgniter->handleRequest(NULL, Object(Config\Cache), false)
#7 /home/u1606672/public_html/form/public/index.php(67): CodeIgniter\CodeIgniter->run()
#8 {main}
CRITICAL - 2023-01-04 13:32:33 --> Call to a member function getResult() on bool
in APPPATH/Controllers/Home.php on line 422.
 1 SYSTEMPATH/CodeIgniter.php(927): App\Controllers\Home->approve()
 2 SYSTEMPATH/CodeIgniter.php(482): CodeIgniter\CodeIgniter->runController(Object(App\Controllers\Home))
 3 SYSTEMPATH/CodeIgniter.php(351): CodeIgniter\CodeIgniter->handleRequest(null, Object(Config\Cache), false)
 4 FCPATH/index.php(67): CodeIgniter\CodeIgniter->run()
