CRITICAL - 2022-11-16 23:29:59 --> Call to a member function post() on null
in APPPATH/Controllers/Home.php on line 13.
 1 SYSTEMPATH/CodeIgniter.php(927): App\Controllers\Home->submit()
 2 SYSTEMPATH/CodeIgniter.php(482): CodeIgniter\CodeIgniter->runController(Object(App\Controllers\Home))
 3 SYSTEMPATH/CodeIgniter.php(351): CodeIgniter\CodeIgniter->handleRequest(null, Object(Config\Cache), false)
 4 FCPATH/index.php(67): CodeIgniter\CodeIgniter->run()
CRITICAL - 2022-11-16 23:35:27 --> Call to a member function post() on null
in APPPATH/Controllers/Home.php on line 13.
 1 SYSTEMPATH/CodeIgniter.php(927): App\Controllers\Home->submit()
 2 SYSTEMPATH/CodeIgniter.php(482): CodeIgniter\CodeIgniter->runController(Object(App\Controllers\Home))
 3 SYSTEMPATH/CodeIgniter.php(351): CodeIgniter\CodeIgniter->handleRequest(null, Object(Config\Cache), false)
 4 FCPATH/index.php(67): CodeIgniter\CodeIgniter->run()
CRITICAL - 2022-11-16 23:36:42 --> Undefined property: App\Controllers\Home::$input
in APPPATH/Controllers/Home.php on line 13.
 1 APPPATH/Controllers/Home.php(13): CodeIgniter\Debug\Exceptions->errorHandler(8, 'Undefined property: App\\Controllers\\Home::$input', 'APPPATH/Controllers/Home.php', 13, [])
 2 SYSTEMPATH/CodeIgniter.php(927): App\Controllers\Home->submit()
 3 SYSTEMPATH/CodeIgniter.php(482): CodeIgniter\CodeIgniter->runController(Object(App\Controllers\Home))
 4 SYSTEMPATH/CodeIgniter.php(351): CodeIgniter\CodeIgniter->handleRequest(null, Object(Config\Cache), false)
 5 FCPATH/index.php(67): CodeIgniter\CodeIgniter->run()
CRITICAL - 2022-11-16 23:42:18 --> Undefined property: App\Controllers\Home::$input
in APPPATH/Controllers/Home.php on line 13.
 1 APPPATH/Controllers/Home.php(13): CodeIgniter\Debug\Exceptions->errorHandler(8, 'Undefined property: App\\Controllers\\Home::$input', 'APPPATH/Controllers/Home.php', 13, [])
 2 SYSTEMPATH/CodeIgniter.php(927): App\Controllers\Home->submit()
 3 SYSTEMPATH/CodeIgniter.php(482): CodeIgniter\CodeIgniter->runController(Object(App\Controllers\Home))
 4 SYSTEMPATH/CodeIgniter.php(351): CodeIgniter\CodeIgniter->handleRequest(null, Object(Config\Cache), false)
 5 FCPATH/index.php(67): CodeIgniter\CodeIgniter->run()
CRITICAL - 2022-11-16 23:56:36 --> Undefined property: App\Controllers\Home::$input
in APPPATH/Controllers/Home.php on line 13.
 1 APPPATH/Controllers/Home.php(13): CodeIgniter\Debug\Exceptions->errorHandler(8, 'Undefined property: App\\Controllers\\Home::$input', 'APPPATH/Controllers/Home.php', 13, [])
 2 SYSTEMPATH/CodeIgniter.php(927): App\Controllers\Home->submit()
 3 SYSTEMPATH/CodeIgniter.php(482): CodeIgniter\CodeIgniter->runController(Object(App\Controllers\Home))
 4 SYSTEMPATH/CodeIgniter.php(351): CodeIgniter\CodeIgniter->handleRequest(null, Object(Config\Cache), false)
 5 FCPATH/index.php(67): CodeIgniter\CodeIgniter->run()
CRITICAL - 2022-11-16 23:56:57 --> Undefined property: App\Controllers\Home::$input
in APPPATH/Controllers/Home.php on line 13.
 1 APPPATH/Controllers/Home.php(13): CodeIgniter\Debug\Exceptions->errorHandler(8, 'Undefined property: App\\Controllers\\Home::$input', 'APPPATH/Controllers/Home.php', 13, [])
 2 SYSTEMPATH/CodeIgniter.php(927): App\Controllers\Home->submit()
 3 SYSTEMPATH/CodeIgniter.php(482): CodeIgniter\CodeIgniter->runController(Object(App\Controllers\Home))
 4 SYSTEMPATH/CodeIgniter.php(351): CodeIgniter\CodeIgniter->handleRequest(null, Object(Config\Cache), false)
 5 FCPATH/index.php(67): CodeIgniter\CodeIgniter->run()
