CRITICAL - 2022-11-17 00:03:42 --> Undefined property: App\Controllers\Home::$input
in APPPATH/Controllers/Home.php on line 13.
 1 APPPATH/Controllers/Home.php(13): CodeIgniter\Debug\Exceptions->errorHandler(8, 'Undefined property: App\\Controllers\\Home::$input', 'APPPATH/Controllers/Home.php', 13, [])
 2 SYSTEMPATH/CodeIgniter.php(927): App\Controllers\Home->submit()
 3 SYSTEMPATH/CodeIgniter.php(482): CodeIgniter\CodeIgniter->runController(Object(App\Controllers\Home))
 4 SYSTEMPATH/CodeIgniter.php(351): CodeIgniter\CodeIgniter->handleRequest(null, Object(Config\Cache), false)
 5 FCPATH/index.php(67): CodeIgniter\CodeIgniter->run()
CRITICAL - 2022-11-17 00:03:58 --> Undefined property: App\Controllers\Home::$input
in APPPATH/Controllers/Home.php on line 13.
 1 APPPATH/Controllers/Home.php(13): CodeIgniter\Debug\Exceptions->errorHandler(8, 'Undefined property: App\\Controllers\\Home::$input', 'APPPATH/Controllers/Home.php', 13, [])
 2 SYSTEMPATH/CodeIgniter.php(927): App\Controllers\Home->submit()
 3 SYSTEMPATH/CodeIgniter.php(482): CodeIgniter\CodeIgniter->runController(Object(App\Controllers\Home))
 4 SYSTEMPATH/CodeIgniter.php(351): CodeIgniter\CodeIgniter->handleRequest(null, Object(Config\Cache), false)
 5 FCPATH/index.php(67): CodeIgniter\CodeIgniter->run()
CRITICAL - 2022-11-17 00:05:27 --> Undefined variable: request
in APPPATH/Controllers/Home.php on line 13.
 1 APPPATH/Controllers/Home.php(13): CodeIgniter\Debug\Exceptions->errorHandler(8, 'Undefined variable: request', 'APPPATH/Controllers/Home.php', 13, [])
 2 SYSTEMPATH/CodeIgniter.php(927): App\Controllers\Home->submit()
 3 SYSTEMPATH/CodeIgniter.php(482): CodeIgniter\CodeIgniter->runController(Object(App\Controllers\Home))
 4 SYSTEMPATH/CodeIgniter.php(351): CodeIgniter\CodeIgniter->handleRequest(null, Object(Config\Cache), false)
 5 FCPATH/index.php(67): CodeIgniter\CodeIgniter->run()
CRITICAL - 2022-11-17 00:05:45 --> Undefined variable: request
in APPPATH/Controllers/Home.php on line 13.
 1 APPPATH/Controllers/Home.php(13): CodeIgniter\Debug\Exceptions->errorHandler(8, 'Undefined variable: request', 'APPPATH/Controllers/Home.php', 13, [])
 2 SYSTEMPATH/CodeIgniter.php(927): App\Controllers\Home->submit()
 3 SYSTEMPATH/CodeIgniter.php(482): CodeIgniter\CodeIgniter->runController(Object(App\Controllers\Home))
 4 SYSTEMPATH/CodeIgniter.php(351): CodeIgniter\CodeIgniter->handleRequest(null, Object(Config\Cache), false)
 5 FCPATH/index.php(67): CodeIgniter\CodeIgniter->run()
