CRITICAL - 2022-12-14 01:01:48 --> syntax error, unexpected '}'
in APPPATH/Controllers/Home.php on line 151.
 1 SYSTEMPATH/Autoloader/Autoloader.php(259): CodeIgniter\Autoloader\Autoloader->includeFile('APPPATH/Controllers/Home.php')
 2 SYSTEMPATH/Autoloader/Autoloader.php(237): CodeIgniter\Autoloader\Autoloader->loadInNamespace('App\\Controllers\\Home')
 3 [internal function]: CodeIgniter\Autoloader\Autoloader->loadClass('App\\Controllers\\Home')
 4 [internal function]: spl_autoload_call('App\\Controllers\\Home')
 5 SYSTEMPATH/CodeIgniter.php(877): class_exists('\\App\\Controllers\\Home', true)
 6 SYSTEMPATH/CodeIgniter.php(469): CodeIgniter\CodeIgniter->startController()
 7 SYSTEMPATH/CodeIgniter.php(351): CodeIgniter\CodeIgniter->handleRequest(null, Object(Config\Cache), false)
 8 FCPATH/index.php(67): CodeIgniter\CodeIgniter->run()
CRITICAL - 2022-12-14 01:24:24 --> count(): Parameter must be an array or an object that implements Countable
in APPPATH/Controllers/Home.php on line 184.
 1 [internal function]: CodeIgniter\Debug\Exceptions->errorHandler(2, 'count(): Parameter must be an array or an object that implements Countable', 'APPPATH/Controllers/Home.php', 184, [...])
 2 APPPATH/Controllers/Home.php(184): count(null)
 3 SYSTEMPATH/CodeIgniter.php(927): App\Controllers\Home->submit()
 4 SYSTEMPATH/CodeIgniter.php(482): CodeIgniter\CodeIgniter->runController(Object(App\Controllers\Home))
 5 SYSTEMPATH/CodeIgniter.php(351): CodeIgniter\CodeIgniter->handleRequest(null, Object(Config\Cache), false)
 6 FCPATH/index.php(67): CodeIgniter\CodeIgniter->run()
CRITICAL - 2022-12-14 01:24:43 --> count(): Parameter must be an array or an object that implements Countable
in APPPATH/Controllers/Home.php on line 184.
 1 [internal function]: CodeIgniter\Debug\Exceptions->errorHandler(2, 'count(): Parameter must be an array or an object that implements Countable', 'APPPATH/Controllers/Home.php', 184, [...])
 2 APPPATH/Controllers/Home.php(184): count(null)
 3 SYSTEMPATH/CodeIgniter.php(927): App\Controllers\Home->submit()
 4 SYSTEMPATH/CodeIgniter.php(482): CodeIgniter\CodeIgniter->runController(Object(App\Controllers\Home))
 5 SYSTEMPATH/CodeIgniter.php(351): CodeIgniter\CodeIgniter->handleRequest(null, Object(Config\Cache), false)
 6 FCPATH/index.php(67): CodeIgniter\CodeIgniter->run()
CRITICAL - 2022-12-14 01:25:51 --> count(): Parameter must be an array or an object that implements Countable
in APPPATH/Controllers/Home.php on line 184.
 1 [internal function]: CodeIgniter\Debug\Exceptions->errorHandler(2, 'count(): Parameter must be an array or an object that implements Countable', 'APPPATH/Controllers/Home.php', 184, [...])
 2 APPPATH/Controllers/Home.php(184): count(null)
 3 SYSTEMPATH/CodeIgniter.php(927): App\Controllers\Home->submit()
 4 SYSTEMPATH/CodeIgniter.php(482): CodeIgniter\CodeIgniter->runController(Object(App\Controllers\Home))
 5 SYSTEMPATH/CodeIgniter.php(351): CodeIgniter\CodeIgniter->handleRequest(null, Object(Config\Cache), false)
 6 FCPATH/index.php(67): CodeIgniter\CodeIgniter->run()
CRITICAL - 2022-12-14 01:26:39 --> Call to a member function isValid() on array
in APPPATH/Controllers/Home.php on line 186.
 1 SYSTEMPATH/CodeIgniter.php(927): App\Controllers\Home->submit()
 2 SYSTEMPATH/CodeIgniter.php(482): CodeIgniter\CodeIgniter->runController(Object(App\Controllers\Home))
 3 SYSTEMPATH/CodeIgniter.php(351): CodeIgniter\CodeIgniter->handleRequest(null, Object(Config\Cache), false)
 4 FCPATH/index.php(67): CodeIgniter\CodeIgniter->run()
CRITICAL - 2022-12-14 01:27:04 --> Undefined offset: 0
in APPPATH/Controllers/Home.php on line 186.
 1 APPPATH/Controllers/Home.php(186): CodeIgniter\Debug\Exceptions->errorHandler(8, 'Undefined offset: 0', 'APPPATH/Controllers/Home.php', 186, [...])
 2 SYSTEMPATH/CodeIgniter.php(927): App\Controllers\Home->submit()
 3 SYSTEMPATH/CodeIgniter.php(482): CodeIgniter\CodeIgniter->runController(Object(App\Controllers\Home))
 4 SYSTEMPATH/CodeIgniter.php(351): CodeIgniter\CodeIgniter->handleRequest(null, Object(Config\Cache), false)
 5 FCPATH/index.php(67): CodeIgniter\CodeIgniter->run()
CRITICAL - 2022-12-14 01:28:27 --> Undefined index: name
in APPPATH/Controllers/Home.php on line 186.
 1 APPPATH/Controllers/Home.php(186): CodeIgniter\Debug\Exceptions->errorHandler(8, 'Undefined index: name', 'APPPATH/Controllers/Home.php', 186, [...])
 2 SYSTEMPATH/CodeIgniter.php(927): App\Controllers\Home->submit()
 3 SYSTEMPATH/CodeIgniter.php(482): CodeIgniter\CodeIgniter->runController(Object(App\Controllers\Home))
 4 SYSTEMPATH/CodeIgniter.php(351): CodeIgniter\CodeIgniter->handleRequest(null, Object(Config\Cache), false)
 5 FCPATH/index.php(67): CodeIgniter\CodeIgniter->run()
CRITICAL - 2022-12-14 01:29:06 --> syntax error, unexpected 'public' (T_PUBLIC), expecting end of file
in APPPATH/Controllers/Home.php on line 240.
 1 SYSTEMPATH/Autoloader/Autoloader.php(259): CodeIgniter\Autoloader\Autoloader->includeFile('APPPATH/Controllers/Home.php')
 2 SYSTEMPATH/Autoloader/Autoloader.php(237): CodeIgniter\Autoloader\Autoloader->loadInNamespace('App\\Controllers\\Home')
 3 [internal function]: CodeIgniter\Autoloader\Autoloader->loadClass('App\\Controllers\\Home')
 4 [internal function]: spl_autoload_call('App\\Controllers\\Home')
 5 SYSTEMPATH/CodeIgniter.php(877): class_exists('\\App\\Controllers\\Home', true)
 6 SYSTEMPATH/CodeIgniter.php(469): CodeIgniter\CodeIgniter->startController()
 7 SYSTEMPATH/CodeIgniter.php(351): CodeIgniter\CodeIgniter->handleRequest(null, Object(Config\Cache), false)
 8 FCPATH/index.php(67): CodeIgniter\CodeIgniter->run()
CRITICAL - 2022-12-14 01:33:24 --> Undefined index: images
in APPPATH/Controllers/Home.php on line 184.
 1 APPPATH/Controllers/Home.php(184): CodeIgniter\Debug\Exceptions->errorHandler(8, 'Undefined index: images', 'APPPATH/Controllers/Home.php', 184, [...])
 2 SYSTEMPATH/CodeIgniter.php(927): App\Controllers\Home->submit()
 3 SYSTEMPATH/CodeIgniter.php(482): CodeIgniter\CodeIgniter->runController(Object(App\Controllers\Home))
 4 SYSTEMPATH/CodeIgniter.php(351): CodeIgniter\CodeIgniter->handleRequest(null, Object(Config\Cache), false)
 5 FCPATH/index.php(67): CodeIgniter\CodeIgniter->run()
CRITICAL - 2022-12-14 01:34:27 --> Undefined index: images
in APPPATH/Controllers/Home.php on line 184.
 1 APPPATH/Controllers/Home.php(184): CodeIgniter\Debug\Exceptions->errorHandler(8, 'Undefined index: images', 'APPPATH/Controllers/Home.php', 184, [...])
 2 SYSTEMPATH/CodeIgniter.php(927): App\Controllers\Home->submit()
 3 SYSTEMPATH/CodeIgniter.php(482): CodeIgniter\CodeIgniter->runController(Object(App\Controllers\Home))
 4 SYSTEMPATH/CodeIgniter.php(351): CodeIgniter\CodeIgniter->handleRequest(null, Object(Config\Cache), false)
 5 FCPATH/index.php(67): CodeIgniter\CodeIgniter->run()
CRITICAL - 2022-12-14 01:35:12 --> Undefined index: images
in APPPATH/Controllers/Home.php on line 184.
 1 APPPATH/Controllers/Home.php(184): CodeIgniter\Debug\Exceptions->errorHandler(8, 'Undefined index: images', 'APPPATH/Controllers/Home.php', 184, [...])
 2 SYSTEMPATH/CodeIgniter.php(927): App\Controllers\Home->submit()
 3 SYSTEMPATH/CodeIgniter.php(482): CodeIgniter\CodeIgniter->runController(Object(App\Controllers\Home))
 4 SYSTEMPATH/CodeIgniter.php(351): CodeIgniter\CodeIgniter->handleRequest(null, Object(Config\Cache), false)
 5 FCPATH/index.php(67): CodeIgniter\CodeIgniter->run()
CRITICAL - 2022-12-14 01:35:39 --> Undefined variable: key
in APPPATH/Controllers/Home.php on line 191.
 1 APPPATH/Controllers/Home.php(191): CodeIgniter\Debug\Exceptions->errorHandler(8, 'Undefined variable: key', 'APPPATH/Controllers/Home.php', 191, [...])
 2 SYSTEMPATH/CodeIgniter.php(927): App\Controllers\Home->submit()
 3 SYSTEMPATH/CodeIgniter.php(482): CodeIgniter\CodeIgniter->runController(Object(App\Controllers\Home))
 4 SYSTEMPATH/CodeIgniter.php(351): CodeIgniter\CodeIgniter->handleRequest(null, Object(Config\Cache), false)
 5 FCPATH/index.php(67): CodeIgniter\CodeIgniter->run()
CRITICAL - 2022-12-14 01:50:46 --> Not Found
in APPPATH/Controllers/Home.php on line 92.
 1 SYSTEMPATH/CodeIgniter.php(927): App\Controllers\Home->view()
 2 SYSTEMPATH/CodeIgniter.php(482): CodeIgniter\CodeIgniter->runController(Object(App\Controllers\Home))
 3 SYSTEMPATH/CodeIgniter.php(351): CodeIgniter\CodeIgniter->handleRequest(null, Object(Config\Cache), false)
 4 FCPATH/index.php(67): CodeIgniter\CodeIgniter->run()
CRITICAL - 2022-12-14 01:59:06 --> Not Found
in APPPATH/Controllers/Home.php on line 92.
 1 SYSTEMPATH/CodeIgniter.php(927): App\Controllers\Home->view()
 2 SYSTEMPATH/CodeIgniter.php(482): CodeIgniter\CodeIgniter->runController(Object(App\Controllers\Home))
 3 SYSTEMPATH/CodeIgniter.php(351): CodeIgniter\CodeIgniter->handleRequest(null, Object(Config\Cache), false)
 4 FCPATH/index.php(67): CodeIgniter\CodeIgniter->run()
CRITICAL - 2022-12-14 01:59:21 --> Not Found
in APPPATH/Controllers/Home.php on line 92.
 1 SYSTEMPATH/CodeIgniter.php(927): App\Controllers\Home->view()
 2 SYSTEMPATH/CodeIgniter.php(482): CodeIgniter\CodeIgniter->runController(Object(App\Controllers\Home))
 3 SYSTEMPATH/CodeIgniter.php(351): CodeIgniter\CodeIgniter->handleRequest(null, Object(Config\Cache), false)
 4 FCPATH/index.php(67): CodeIgniter\CodeIgniter->run()
